You are using YYP Maker v1.1.2, released in 11-04-2021



[12-06-2021 22:58:18] Initialized GameMaker Project: FAST.yyp
[12-06-2021 22:58:18] Current parent directory: C:/Users/drago/Documents/GameMakerStudio2/FAST/animcurves
[12-06-2021 22:58:18] Current parent directory: C:/Users/drago/Documents/GameMakerStudio2/FAST/datafiles
[12-06-2021 22:58:18] Checking test2.txt
[12-06-2021 22:58:18] Checking test.txt
[12-06-2021 22:58:18] Checking test
[12-06-2021 22:58:18] Directory: C:/Users/drago/Documents/GameMakerStudio2/FAST/datafiles/test
[12-06-2021 22:58:18] Checking strings-e.ffd
[12-06-2021 22:58:18] Checking patch
[12-06-2021 22:58:18] Directory: C:/Users/drago/Documents/GameMakerStudio2/FAST/datafiles/patch
[12-06-2021 22:58:18] Checking database.ffd
[12-06-2021 22:58:18] Checking base
[12-06-2021 22:58:18] Directory: C:/Users/drago/Documents/GameMakerStudio2/FAST/datafiles/base
[12-06-2021 22:58:18] Current parent directory: C:/Users/drago/Documents/GameMakerStudio2/FAST/datafiles/base
[12-06-2021 22:58:18] Checking treasure.ffd
[12-06-2021 22:58:18] Checking spells.ffd
[12-06-2021 22:58:18] Checking speech.ffd
[12-06-2021 22:58:18] Checking shops.ffd
[12-06-2021 22:58:18] Checking items.ffd
[12-06-2021 22:58:18] Checking enemies.ffd
[12-06-2021 22:58:18] Checking effects.ffd
[12-06-2021 22:58:18] Checking classes.ffd
[12-06-2021 22:58:18] Checking battle.ffd
[12-06-2021 22:58:18] Checking animate.ffd
[12-06-2021 22:58:18] Current parent directory: C:/Users/drago/Documents/GameMakerStudio2/FAST/datafiles/patch
[12-06-2021 22:58:18] Checking patch.ffd
[12-06-2021 22:58:18] Current parent directory: C:/Users/drago/Documents/GameMakerStudio2/FAST/datafiles/test
[12-06-2021 22:58:18] Checking testD
[12-06-2021 22:58:18] Checking testC
[12-06-2021 22:58:18] Checking testB.txt
[12-06-2021 22:58:18] Checking testA.txt
[12-06-2021 22:58:18] Checking cases
[12-06-2021 22:58:18] Directory: C:/Users/drago/Documents/GameMakerStudio2/FAST/datafiles/test/cases
[12-06-2021 22:58:18] Current parent directory: C:/Users/drago/Documents/GameMakerStudio2/FAST/datafiles/test/cases
[12-06-2021 22:58:18] Checking test_wait.txt
[12-06-2021 22:58:18] Checking test_traversal.txt
[12-06-2021 22:58:18] Checking test_return.txt
[12-06-2021 22:58:18] Checking test_null.txt
[12-06-2021 22:58:18] Checking test_if.txt
[12-06-2021 22:58:18] Checking test_func.txt
[12-06-2021 22:58:18] Checking test_cast.txt
[12-06-2021 22:58:18] Checking test_arithmetic.txt
[12-06-2021 22:58:18] Checking test_args.txt
[12-06-2021 22:58:18] Current parent directory: C:/Users/drago/Documents/GameMakerStudio2/FAST/extensions
[12-06-2021 22:58:18] Checking GMAssert
[12-06-2021 22:58:18] Directory: C:/Users/drago/Documents/GameMakerStudio2/FAST/extensions/GMAssert
[12-06-2021 22:58:18] Current parent directory: C:/Users/drago/Documents/GameMakerStudio2/FAST/extensions/GMAssert
[12-06-2021 22:58:18] Checking GMAssert.yy
[12-06-2021 22:58:18] Parsing C:/Users/drago/Documents/GameMakerStudio2/FAST/extensions/GMAssert/GMAssert.yy
[12-06-2021 22:58:18] Reading C:/Users/drago/Documents/GameMakerStudio2/FAST/extensions/GMAssert/GMAssert.yy
[12-06-2021 22:58:18] Par: "folders/Automated Testing Suite/GMAssert" at dir: "C:/Users/drago/Documents/GameMakerStudio2/FAST/extensions/GMAssert/GMAssert.yy"
[12-06-2021 22:58:18] Found Extension: GMAssert
[12-06-2021 22:58:18] Checking GMAssert.gml
[12-06-2021 22:58:18] Current parent directory: C:/Users/drago/Documents/GameMakerStudio2/FAST/fonts
[12-06-2021 22:58:18] Checking font_sys_debug
[12-06-2021 22:58:18] Directory: C:/Users/drago/Documents/GameMakerStudio2/FAST/fonts/font_sys_debug
[12-06-2021 22:58:18] Current parent directory: C:/Users/drago/Documents/GameMakerStudio2/FAST/fonts/font_sys_debug
[12-06-2021 22:58:18] Checking font_sys_debug.yy
[12-06-2021 22:58:18] Parsing C:/Users/drago/Documents/GameMakerStudio2/FAST/fonts/font_sys_debug/font_sys_debug.yy
[12-06-2021 22:58:18] Reading C:/Users/drago/Documents/GameMakerStudio2/FAST/fonts/font_sys_debug/font_sys_debug.yy
[12-06-2021 22:58:18] Par: "folders/FAST/Core/System/Fonts" at dir: "C:/Users/drago/Documents/GameMakerStudio2/FAST/fonts/font_sys_debug/font_sys_debug.yy"
[12-06-2021 22:58:18] Found Font: font_sys_debug
[12-06-2021 22:58:18] Checking font_sys_debug.png
[12-06-2021 22:58:18] Current parent directory: C:/Users/drago/Documents/GameMakerStudio2/FAST/notes
[12-06-2021 22:58:18] Checking GMAssert License
[12-06-2021 22:58:18] Directory: C:/Users/drago/Documents/GameMakerStudio2/FAST/notes/GMAssert License
[12-06-2021 22:58:18] Checking CL_3.5
[12-06-2021 22:58:18] Directory: C:/Users/drago/Documents/GameMakerStudio2/FAST/notes/CL_3.5
[12-06-2021 22:58:18] Checking CL_3.4
[12-06-2021 22:58:18] Directory: C:/Users/drago/Documents/GameMakerStudio2/FAST/notes/CL_3.4
[12-06-2021 22:58:18] Checking Changelog
[12-06-2021 22:58:18] Directory: C:/Users/drago/Documents/GameMakerStudio2/FAST/notes/Changelog
[12-06-2021 22:58:18] Current parent directory: C:/Users/drago/Documents/GameMakerStudio2/FAST/notes/Changelog
[12-06-2021 22:58:18] Checking Changelog.yy
[12-06-2021 22:58:18] Parsing C:/Users/drago/Documents/GameMakerStudio2/FAST/notes/Changelog/Changelog.yy
[12-06-2021 22:58:18] Reading C:/Users/drago/Documents/GameMakerStudio2/FAST/notes/Changelog/Changelog.yy
[12-06-2021 22:58:18] ROOT found, not added.
[12-06-2021 22:58:18] Par: "folders" at dir: "C:/Users/drago/Documents/GameMakerStudio2/FAST/notes/Changelog/Changelog.yy"
[12-06-2021 22:58:18] Found Note: Changelog
[12-06-2021 22:58:18] Checking Changelog.txt
[12-06-2021 22:58:18] Current parent directory: C:/Users/drago/Documents/GameMakerStudio2/FAST/notes/CL_3.4
[12-06-2021 22:58:18] Checking CL_3.4.yy
[12-06-2021 22:58:18] Parsing C:/Users/drago/Documents/GameMakerStudio2/FAST/notes/CL_3.4/CL_3.4.yy
[12-06-2021 22:58:18] Reading C:/Users/drago/Documents/GameMakerStudio2/FAST/notes/CL_3.4/CL_3.4.yy
[12-06-2021 22:58:18] Par: "folders/Changelogs" at dir: "C:/Users/drago/Documents/GameMakerStudio2/FAST/notes/CL_3.4/CL_3.4.yy"
[12-06-2021 22:58:18] Found Note: CL_3.4
[12-06-2021 22:58:18] Checking CL_3.4.txt
[12-06-2021 22:58:18] Current parent directory: C:/Users/drago/Documents/GameMakerStudio2/FAST/notes/CL_3.5
[12-06-2021 22:58:18] Checking CL_3.5.yy
[12-06-2021 22:58:18] Parsing C:/Users/drago/Documents/GameMakerStudio2/FAST/notes/CL_3.5/CL_3.5.yy
[12-06-2021 22:58:18] Reading C:/Users/drago/Documents/GameMakerStudio2/FAST/notes/CL_3.5/CL_3.5.yy
[12-06-2021 22:58:18] Par: "folders/Changelogs" at dir: "C:/Users/drago/Documents/GameMakerStudio2/FAST/notes/CL_3.5/CL_3.5.yy"
[12-06-2021 22:58:18] Found Note: CL_3.5
[12-06-2021 22:58:18] Checking CL_3.5.txt
[12-06-2021 22:58:18] Current parent directory: C:/Users/drago/Documents/GameMakerStudio2/FAST/notes/GMAssert License
[12-06-2021 22:58:18] Checking GMAssert License.yy
[12-06-2021 22:58:18] Parsing C:/Users/drago/Documents/GameMakerStudio2/FAST/notes/GMAssert License/GMAssert License.yy
[12-06-2021 22:58:18] Reading C:/Users/drago/Documents/GameMakerStudio2/FAST/notes/GMAssert License/GMAssert License.yy
[12-06-2021 22:58:18] Par: "folders/Automated Testing Suite/GMAssert" at dir: "C:/Users/drago/Documents/GameMakerStudio2/FAST/notes/GMAssert License/GMAssert License.yy"
[12-06-2021 22:58:18] Found Note: GMAssert License
[12-06-2021 22:58:18] Checking GMAssert License.txt
[12-06-2021 22:58:18] Current parent directory: C:/Users/drago/Documents/GameMakerStudio2/FAST/objects
[12-06-2021 22:58:18] Checking __FASTtool
[12-06-2021 22:58:18] Directory: C:/Users/drago/Documents/GameMakerStudio2/FAST/objects/__FASTtool
[12-06-2021 22:58:18] Checking oATSobj
[12-06-2021 22:58:18] Directory: C:/Users/drago/Documents/GameMakerStudio2/FAST/objects/oATSobj
[12-06-2021 22:58:18] Checking oATSgo
[12-06-2021 22:58:18] Directory: C:/Users/drago/Documents/GameMakerStudio2/FAST/objects/oATSgo
[12-06-2021 22:58:18] Current parent directory: C:/Users/drago/Documents/GameMakerStudio2/FAST/objects/oATSgo
[12-06-2021 22:58:18] Checking Step_0.gml
[12-06-2021 22:58:18] Checking oATSgo.yy
[12-06-2021 22:58:18] Parsing C:/Users/drago/Documents/GameMakerStudio2/FAST/objects/oATSgo/oATSgo.yy
[12-06-2021 22:58:18] Reading C:/Users/drago/Documents/GameMakerStudio2/FAST/objects/oATSgo/oATSgo.yy
[12-06-2021 22:58:18] Par: "folders/Automated Testing Suite/Assets" at dir: "C:/Users/drago/Documents/GameMakerStudio2/FAST/objects/oATSgo/oATSgo.yy"
[12-06-2021 22:58:18] Found Object: oATSgo
[12-06-2021 22:58:18] Checking Mouse_4.gml
[12-06-2021 22:58:18] Checking Draw_0.gml
[12-06-2021 22:58:18] Checking Create_0.gml
[12-06-2021 22:58:18] Current parent directory: C:/Users/drago/Documents/GameMakerStudio2/FAST/objects/oATSobj
[12-06-2021 22:58:18] Checking Step_0.gml
[12-06-2021 22:58:18] Checking Other_4.gml
[12-06-2021 22:58:18] Checking oATSobj.yy
[12-06-2021 22:58:18] Parsing C:/Users/drago/Documents/GameMakerStudio2/FAST/objects/oATSobj/oATSobj.yy
[12-06-2021 22:58:18] Reading C:/Users/drago/Documents/GameMakerStudio2/FAST/objects/oATSobj/oATSobj.yy
[12-06-2021 22:58:18] Par: "folders/Automated Testing Suite/Assets" at dir: "C:/Users/drago/Documents/GameMakerStudio2/FAST/objects/oATSobj/oATSobj.yy"
[12-06-2021 22:58:18] Found Object: oATSobj
[12-06-2021 22:58:18] Checking Draw_0.gml
[12-06-2021 22:58:18] Checking Create_0.gml
[12-06-2021 22:58:18] Current parent directory: C:/Users/drago/Documents/GameMakerStudio2/FAST/objects/__FASTtool
[12-06-2021 22:58:18] Checking __FASTtool.yy
[12-06-2021 22:58:18] Parsing C:/Users/drago/Documents/GameMakerStudio2/FAST/objects/__FASTtool/__FASTtool.yy
[12-06-2021 22:58:18] Reading C:/Users/drago/Documents/GameMakerStudio2/FAST/objects/__FASTtool/__FASTtool.yy
[12-06-2021 22:58:18] Par: "folders/FAST/Core/System/Objects" at dir: "C:/Users/drago/Documents/GameMakerStudio2/FAST/objects/__FASTtool/__FASTtool.yy"
[12-06-2021 22:58:18] Found Object: __FASTtool
[12-06-2021 22:58:18] Checking Step_2.gml
[12-06-2021 22:58:18] Checking Step_1.gml
[12-06-2021 22:58:18] Checking Step_0.gml
[12-06-2021 22:58:18] Checking Other_75.gml
[12-06-2021 22:58:18] Checking Other_5.gml
[12-06-2021 22:58:18] Checking Other_4.gml
[12-06-2021 22:58:18] Checking Other_3.gml
[12-06-2021 22:58:18] Checking Create_0.gml
[12-06-2021 22:58:18] Current parent directory: C:/Users/drago/Documents/GameMakerStudio2/FAST/options
[12-06-2021 22:58:18] Checking xboxone
[12-06-2021 22:58:18] Directory: C:/Users/drago/Documents/GameMakerStudio2/FAST/options/xboxone
[12-06-2021 22:58:18] Checking windowsuap
[12-06-2021 22:58:18] Directory: C:/Users/drago/Documents/GameMakerStudio2/FAST/options/windowsuap
[12-06-2021 22:58:18] Checking windows
[12-06-2021 22:58:18] Directory: C:/Users/drago/Documents/GameMakerStudio2/FAST/options/windows
[12-06-2021 22:58:18] Checking tvos
[12-06-2021 22:58:18] Directory: C:/Users/drago/Documents/GameMakerStudio2/FAST/options/tvos
[12-06-2021 22:58:18] Checking switch
[12-06-2021 22:58:18] Directory: C:/Users/drago/Documents/GameMakerStudio2/FAST/options/switch
[12-06-2021 22:58:18] Checking ps4
[12-06-2021 22:58:18] Directory: C:/Users/drago/Documents/GameMakerStudio2/FAST/options/ps4
[12-06-2021 22:58:18] Checking main
[12-06-2021 22:58:18] Directory: C:/Users/drago/Documents/GameMakerStudio2/FAST/options/main
[12-06-2021 22:58:18] Checking mac
[12-06-2021 22:58:18] Directory: C:/Users/drago/Documents/GameMakerStudio2/FAST/options/mac
[12-06-2021 22:58:18] Checking linux
[12-06-2021 22:58:18] Directory: C:/Users/drago/Documents/GameMakerStudio2/FAST/options/linux
[12-06-2021 22:58:18] Checking ios
[12-06-2021 22:58:18] Directory: C:/Users/drago/Documents/GameMakerStudio2/FAST/options/ios
[12-06-2021 22:58:18] Checking html5
[12-06-2021 22:58:18] Directory: C:/Users/drago/Documents/GameMakerStudio2/FAST/options/html5
[12-06-2021 22:58:18] Checking android
[12-06-2021 22:58:18] Directory: C:/Users/drago/Documents/GameMakerStudio2/FAST/options/android
[12-06-2021 22:58:18] Checking amazonfire
[12-06-2021 22:58:18] Directory: C:/Users/drago/Documents/GameMakerStudio2/FAST/options/amazonfire
[12-06-2021 22:58:18] Current parent directory: C:/Users/drago/Documents/GameMakerStudio2/FAST/options/amazonfire
[12-06-2021 22:58:18] Checking options_amazonfire.yy
[12-06-2021 22:58:18] Parsing C:/Users/drago/Documents/GameMakerStudio2/FAST/options/amazonfire/options_amazonfire.yy
[12-06-2021 22:58:18] Reading C:/Users/drago/Documents/GameMakerStudio2/FAST/options/amazonfire/options_amazonfire.yy
[12-06-2021 22:58:18] Current parent directory: C:/Users/drago/Documents/GameMakerStudio2/FAST/options/android
[12-06-2021 22:58:18] Checking options_android.yy
[12-06-2021 22:58:18] Parsing C:/Users/drago/Documents/GameMakerStudio2/FAST/options/android/options_android.yy
[12-06-2021 22:58:18] Reading C:/Users/drago/Documents/GameMakerStudio2/FAST/options/android/options_android.yy
[12-06-2021 22:58:18] Current parent directory: C:/Users/drago/Documents/GameMakerStudio2/FAST/options/html5
[12-06-2021 22:58:18] Checking options_html5.yy
[12-06-2021 22:58:18] Parsing C:/Users/drago/Documents/GameMakerStudio2/FAST/options/html5/options_html5.yy
[12-06-2021 22:58:18] Reading C:/Users/drago/Documents/GameMakerStudio2/FAST/options/html5/options_html5.yy
[12-06-2021 22:58:18] Current parent directory: C:/Users/drago/Documents/GameMakerStudio2/FAST/options/ios
[12-06-2021 22:58:18] Checking options_ios.yy
[12-06-2021 22:58:18] Parsing C:/Users/drago/Documents/GameMakerStudio2/FAST/options/ios/options_ios.yy
[12-06-2021 22:58:18] Reading C:/Users/drago/Documents/GameMakerStudio2/FAST/options/ios/options_ios.yy
[12-06-2021 22:58:18] Current parent directory: C:/Users/drago/Documents/GameMakerStudio2/FAST/options/linux
[12-06-2021 22:58:18] Checking options_linux.yy
[12-06-2021 22:58:18] Parsing C:/Users/drago/Documents/GameMakerStudio2/FAST/options/linux/options_linux.yy
[12-06-2021 22:58:18] Reading C:/Users/drago/Documents/GameMakerStudio2/FAST/options/linux/options_linux.yy
[12-06-2021 22:58:18] Current parent directory: C:/Users/drago/Documents/GameMakerStudio2/FAST/options/mac
[12-06-2021 22:58:18] Checking options_mac.yy
[12-06-2021 22:58:18] Parsing C:/Users/drago/Documents/GameMakerStudio2/FAST/options/mac/options_mac.yy
[12-06-2021 22:58:18] Reading C:/Users/drago/Documents/GameMakerStudio2/FAST/options/mac/options_mac.yy
[12-06-2021 22:58:18] Current parent directory: C:/Users/drago/Documents/GameMakerStudio2/FAST/options/main
[12-06-2021 22:58:18] Checking options_main.yy
[12-06-2021 22:58:18] Parsing C:/Users/drago/Documents/GameMakerStudio2/FAST/options/main/options_main.yy
[12-06-2021 22:58:18] Reading C:/Users/drago/Documents/GameMakerStudio2/FAST/options/main/options_main.yy
[12-06-2021 22:58:18] Current parent directory: C:/Users/drago/Documents/GameMakerStudio2/FAST/options/ps4
[12-06-2021 22:58:18] Checking options_ps4.yy
[12-06-2021 22:58:18] Parsing C:/Users/drago/Documents/GameMakerStudio2/FAST/options/ps4/options_ps4.yy
[12-06-2021 22:58:18] Reading C:/Users/drago/Documents/GameMakerStudio2/FAST/options/ps4/options_ps4.yy
[12-06-2021 22:58:18] Current parent directory: C:/Users/drago/Documents/GameMakerStudio2/FAST/options/switch
[12-06-2021 22:58:18] Checking options_switch.yy
[12-06-2021 22:58:18] Parsing C:/Users/drago/Documents/GameMakerStudio2/FAST/options/switch/options_switch.yy
[12-06-2021 22:58:18] Reading C:/Users/drago/Documents/GameMakerStudio2/FAST/options/switch/options_switch.yy
[12-06-2021 22:58:18] Current parent directory: C:/Users/drago/Documents/GameMakerStudio2/FAST/options/tvos
[12-06-2021 22:58:18] Checking options_tvos.yy
[12-06-2021 22:58:18] Parsing C:/Users/drago/Documents/GameMakerStudio2/FAST/options/tvos/options_tvos.yy
[12-06-2021 22:58:18] Reading C:/Users/drago/Documents/GameMakerStudio2/FAST/options/tvos/options_tvos.yy
[12-06-2021 22:58:18] Current parent directory: C:/Users/drago/Documents/GameMakerStudio2/FAST/options/windows
[12-06-2021 22:58:18] Checking options_windows.yy
[12-06-2021 22:58:18] Parsing C:/Users/drago/Documents/GameMakerStudio2/FAST/options/windows/options_windows.yy
[12-06-2021 22:58:18] Reading C:/Users/drago/Documents/GameMakerStudio2/FAST/options/windows/options_windows.yy
[12-06-2021 22:58:18] Current parent directory: C:/Users/drago/Documents/GameMakerStudio2/FAST/options/windowsuap
[12-06-2021 22:58:18] Checking options_windowsuap.yy
[12-06-2021 22:58:18] Parsing C:/Users/drago/Documents/GameMakerStudio2/FAST/options/windowsuap/options_windowsuap.yy
[12-06-2021 22:58:18] Reading C:/Users/drago/Documents/GameMakerStudio2/FAST/options/windowsuap/options_windowsuap.yy
[12-06-2021 22:58:18] Current parent directory: C:/Users/drago/Documents/GameMakerStudio2/FAST/options/xboxone
[12-06-2021 22:58:18] Checking options_xboxone.yy
[12-06-2021 22:58:18] Parsing C:/Users/drago/Documents/GameMakerStudio2/FAST/options/xboxone/options_xboxone.yy
[12-06-2021 22:58:18] Reading C:/Users/drago/Documents/GameMakerStudio2/FAST/options/xboxone/options_xboxone.yy
[12-06-2021 22:58:18] Current parent directory: C:/Users/drago/Documents/GameMakerStudio2/FAST/paths
[12-06-2021 22:58:18] Current parent directory: C:/Users/drago/Documents/GameMakerStudio2/FAST/rooms
[12-06-2021 22:58:18] Checking Room1
[12-06-2021 22:58:18] Directory: C:/Users/drago/Documents/GameMakerStudio2/FAST/rooms/Room1
[12-06-2021 22:58:18] Current parent directory: C:/Users/drago/Documents/GameMakerStudio2/FAST/rooms/Room1
[12-06-2021 22:58:18] Checking Room1.yy
[12-06-2021 22:58:18] Parsing C:/Users/drago/Documents/GameMakerStudio2/FAST/rooms/Room1/Room1.yy
[12-06-2021 22:58:18] Reading C:/Users/drago/Documents/GameMakerStudio2/FAST/rooms/Room1/Room1.yy
[12-06-2021 22:58:18] ROOT found, not added.
[12-06-2021 22:58:18] Par: "folders" at dir: "C:/Users/drago/Documents/GameMakerStudio2/FAST/rooms/Room1/Room1.yy"
[12-06-2021 22:58:18] Found Room: Room1
[12-06-2021 22:58:18] Current parent directory: C:/Users/drago/Documents/GameMakerStudio2/FAST/scripts
[12-06-2021 22:58:18] Checking __Struct__
[12-06-2021 22:58:18] Directory: C:/Users/drago/Documents/GameMakerStudio2/FAST/scripts/__Struct__
[12-06-2021 22:58:18] Checking __OutputStream__
[12-06-2021 22:58:18] Directory: C:/Users/drago/Documents/GameMakerStudio2/FAST/scripts/__OutputStream__
[12-06-2021 22:58:18] Checking __IterableList__
[12-06-2021 22:58:18] Directory: C:/Users/drago/Documents/GameMakerStudio2/FAST/scripts/__IterableList__
[12-06-2021 22:58:18] Checking __InputStream__
[12-06-2021 22:58:18] Directory: C:/Users/drago/Documents/GameMakerStudio2/FAST/scripts/__InputStream__
[12-06-2021 22:58:18] Checking __GMA_SETTINGS__
[12-06-2021 22:58:18] Directory: C:/Users/drago/Documents/GameMakerStudio2/FAST/scripts/__GMA_SETTINGS__
[12-06-2021 22:58:18] Checking __GMA_BREAKPOINT__
[12-06-2021 22:58:18] Directory: C:/Users/drago/Documents/GameMakerStudio2/FAST/scripts/__GMA_BREAKPOINT__
[12-06-2021 22:58:18] Checking __File__
[12-06-2021 22:58:18] Directory: C:/Users/drago/Documents/GameMakerStudio2/FAST/scripts/__File__
[12-06-2021 22:58:18] Checking __FAST_logging_init
[12-06-2021 22:58:18] Directory: C:/Users/drago/Documents/GameMakerStudio2/FAST/scripts/__FAST_logging_init
[12-06-2021 22:58:18] Checking __FAST_input_config
[12-06-2021 22:58:18] Directory: C:/Users/drago/Documents/GameMakerStudio2/FAST/scripts/__FAST_input_config
[12-06-2021 22:58:18] Checking __FAST_config__
[12-06-2021 22:58:18] Directory: C:/Users/drago/Documents/GameMakerStudio2/FAST/scripts/__FAST_config__
[12-06-2021 22:58:18] Checking __Error__
[12-06-2021 22:58:18] Directory: C:/Users/drago/Documents/GameMakerStudio2/FAST/scripts/__Error__
[12-06-2021 22:58:18] Checking XorRandomizer
[12-06-2021 22:58:18] Directory: C:/Users/drago/Documents/GameMakerStudio2/FAST/scripts/XorRandomizer
[12-06-2021 22:58:18] Checking Well512Randomizer
[12-06-2021 22:58:18] Directory: C:/Users/drago/Documents/GameMakerStudio2/FAST/scripts/Well512Randomizer
[12-06-2021 22:58:18] Checking Vec2
[12-06-2021 22:58:18] Directory: C:/Users/drago/Documents/GameMakerStudio2/FAST/scripts/Vec2
[12-06-2021 22:58:18] Checking Timer
[12-06-2021 22:58:18] Directory: C:/Users/drago/Documents/GameMakerStudio2/FAST/scripts/Timer
[12-06-2021 22:58:18] Checking TextFile
[12-06-2021 22:58:18] Directory: C:/Users/drago/Documents/GameMakerStudio2/FAST/scripts/TextFile
[12-06-2021 22:58:18] Checking TableRandomizer
[12-06-2021 22:58:18] Directory: C:/Users/drago/Documents/GameMakerStudio2/FAST/scripts/TableRandomizer
[12-06-2021 22:58:18] Checking Surface
[12-06-2021 22:58:18] Directory: C:/Users/drago/Documents/GameMakerStudio2/FAST/scripts/Surface
[12-06-2021 22:58:18] Checking struct_type
[12-06-2021 22:58:18] Directory: C:/Users/drago/Documents/GameMakerStudio2/FAST/scripts/struct_type
[12-06-2021 22:58:18] Checking string_trim
[12-06-2021 22:58:18] Directory: C:/Users/drago/Documents/GameMakerStudio2/FAST/scripts/string_trim
[12-06-2021 22:58:18] Checking string_to_real
[12-06-2021 22:58:18] Directory: C:/Users/drago/Documents/GameMakerStudio2/FAST/scripts/string_to_real
[12-06-2021 22:58:18] Checking string_pad
[12-06-2021 22:58:18] Directory: C:/Users/drago/Documents/GameMakerStudio2/FAST/scripts/string_pad
[12-06-2021 22:58:18] Checking string_from_time
[12-06-2021 22:58:18] Directory: C:/Users/drago/Documents/GameMakerStudio2/FAST/scripts/string_from_time
[12-06-2021 22:58:18] Checking string_find_first
[12-06-2021 22:58:18] Directory: C:/Users/drago/Documents/GameMakerStudio2/FAST/scripts/string_find_first
[12-06-2021 22:58:18] Checking string_explode
[12-06-2021 22:58:18] Directory: C:/Users/drago/Documents/GameMakerStudio2/FAST/scripts/string_explode
[12-06-2021 22:58:18] Checking string_con
[12-06-2021 22:58:18] Directory: C:/Users/drago/Documents/GameMakerStudio2/FAST/scripts/string_con
[12-06-2021 22:58:18] Checking string_break
[12-06-2021 22:58:18] Directory: C:/Users/drago/Documents/GameMakerStudio2/FAST/scripts/string_break
[12-06-2021 22:58:18] Checking StringFormatter
[12-06-2021 22:58:18] Directory: C:/Users/drago/Documents/GameMakerStudio2/FAST/scripts/StringFormatter
[12-06-2021 22:58:18] Checking Randomizer
[12-06-2021 22:58:18] Directory: C:/Users/drago/Documents/GameMakerStudio2/FAST/scripts/Randomizer
[12-06-2021 22:58:18] Checking PublisherChannel
[12-06-2021 22:58:18] Directory: C:/Users/drago/Documents/GameMakerStudio2/FAST/scripts/PublisherChannel
[12-06-2021 22:58:18] Checking Publisher
[12-06-2021 22:58:18] Directory: C:/Users/drago/Documents/GameMakerStudio2/FAST/scripts/Publisher
[12-06-2021 22:58:18] Checking Parser
[12-06-2021 22:58:18] Directory: C:/Users/drago/Documents/GameMakerStudio2/FAST/scripts/Parser
[12-06-2021 22:58:18] Checking log_notify
[12-06-2021 22:58:18] Directory: C:/Users/drago/Documents/GameMakerStudio2/FAST/scripts/log_notify
[12-06-2021 22:58:18] Checking log_nonfatal
[12-06-2021 22:58:18] Directory: C:/Users/drago/Documents/GameMakerStudio2/FAST/scripts/log_nonfatal
[12-06-2021 22:58:18] Checking log_debug
[12-06-2021 22:58:18] Directory: C:/Users/drago/Documents/GameMakerStudio2/FAST/scripts/log_debug
[12-06-2021 22:58:18] Checking log_critical
[12-06-2021 22:58:18] Directory: C:/Users/drago/Documents/GameMakerStudio2/FAST/scripts/log_critical
[12-06-2021 22:58:18] Checking Logger
[12-06-2021 22:58:18] Directory: C:/Users/drago/Documents/GameMakerStudio2/FAST/scripts/Logger
[12-06-2021 22:58:18] Checking LinkedList
[12-06-2021 22:58:18] Directory: C:/Users/drago/Documents/GameMakerStudio2/FAST/scripts/LinkedList
[12-06-2021 22:58:18] Checking LehmerRandomizer
[12-06-2021 22:58:18] Directory: C:/Users/drago/Documents/GameMakerStudio2/FAST/scripts/LehmerRandomizer
[12-06-2021 22:58:18] Checking int_wrap
[12-06-2021 22:58:18] Directory: C:/Users/drago/Documents/GameMakerStudio2/FAST/scripts/int_wrap
[12-06-2021 22:58:18] Checking InputManager
[12-06-2021 22:58:18] Directory: C:/Users/drago/Documents/GameMakerStudio2/FAST/scripts/InputManager
[12-06-2021 22:58:18] Checking include
[12-06-2021 22:58:18] Directory: C:/Users/drago/Documents/GameMakerStudio2/FAST/scripts/include
[12-06-2021 22:58:18] Checking HashMap
[12-06-2021 22:58:18] Directory: C:/Users/drago/Documents/GameMakerStudio2/FAST/scripts/HashMap
[12-06-2021 22:58:18] Checking FrameEvent
[12-06-2021 22:58:18] Directory: C:/Users/drago/Documents/GameMakerStudio2/FAST/scripts/FrameEvent
[12-06-2021 22:58:18] Checking file_get_directory
[12-06-2021 22:58:18] Directory: C:/Users/drago/Documents/GameMakerStudio2/FAST/scripts/file_get_directory
[12-06-2021 22:58:18] Checking Feature
[12-06-2021 22:58:18] Directory: C:/Users/drago/Documents/GameMakerStudio2/FAST/scripts/Feature
[12-06-2021 22:58:18] Checking FAST_macros
[12-06-2021 22:58:18] Directory: C:/Users/drago/Documents/GameMakerStudio2/FAST/scripts/FAST_macros
[12-06-2021 22:58:18] Checking error_type
[12-06-2021 22:58:18] Directory: C:/Users/drago/Documents/GameMakerStudio2/FAST/scripts/error_type
[12-06-2021 22:58:18] Checking Dictionary
[12-06-2021 22:58:18] Directory: C:/Users/drago/Documents/GameMakerStudio2/FAST/scripts/Dictionary
[12-06-2021 22:58:18] Checking DeltaEvent
[12-06-2021 22:58:18] Directory: C:/Users/drago/Documents/GameMakerStudio2/FAST/scripts/DeltaEvent
[12-06-2021 22:58:18] Checking BufferedOutput
[12-06-2021 22:58:18] Directory: C:/Users/drago/Documents/GameMakerStudio2/FAST/scripts/BufferedOutput
[12-06-2021 22:58:18] Checking blank
[12-06-2021 22:58:18] Directory: C:/Users/drago/Documents/GameMakerStudio2/FAST/scripts/blank
[12-06-2021 22:58:18] Checking ats_Parser
[12-06-2021 22:58:18] Directory: C:/Users/drago/Documents/GameMakerStudio2/FAST/scripts/ats_Parser
[12-06-2021 22:58:18] Checking ats_LinkedList
[12-06-2021 22:58:18] Directory: C:/Users/drago/Documents/GameMakerStudio2/FAST/scripts/ats_LinkedList
[12-06-2021 22:58:18] Checking ats_IterableList
[12-06-2021 22:58:18] Directory: C:/Users/drago/Documents/GameMakerStudio2/FAST/scripts/ats_IterableList
[12-06-2021 22:58:18] Checking ats_HashMap
[12-06-2021 22:58:18] Directory: C:/Users/drago/Documents/GameMakerStudio2/FAST/scripts/ats_HashMap
[12-06-2021 22:58:18] Checking ats_f_strings
[12-06-2021 22:58:18] Directory: C:/Users/drago/Documents/GameMakerStudio2/FAST/scripts/ats_f_strings
[12-06-2021 22:58:18] Checking ats_f_arrays
[12-06-2021 22:58:18] Directory: C:/Users/drago/Documents/GameMakerStudio2/FAST/scripts/ats_f_arrays
[12-06-2021 22:58:18] Checking ats_Errors
[12-06-2021 22:58:18] Directory: C:/Users/drago/Documents/GameMakerStudio2/FAST/scripts/ats_Errors
[12-06-2021 22:58:18] Checking ats_Dictionary
[12-06-2021 22:58:18] Directory: C:/Users/drago/Documents/GameMakerStudio2/FAST/scripts/ats_Dictionary
[12-06-2021 22:58:18] Checking ats_ArrayList
[12-06-2021 22:58:18] Directory: C:/Users/drago/Documents/GameMakerStudio2/FAST/scripts/ats_ArrayList
[12-06-2021 22:58:18] Checking array_unique
[12-06-2021 22:58:18] Directory: C:/Users/drago/Documents/GameMakerStudio2/FAST/scripts/array_unique
[12-06-2021 22:58:18] Checking array_union
[12-06-2021 22:58:18] Directory: C:/Users/drago/Documents/GameMakerStudio2/FAST/scripts/array_union
[12-06-2021 22:58:18] Checking array_to_string
[12-06-2021 22:58:18] Directory: C:/Users/drago/Documents/GameMakerStudio2/FAST/scripts/array_to_string
[12-06-2021 22:58:18] Checking array_swap
[12-06-2021 22:58:18] Directory: C:/Users/drago/Documents/GameMakerStudio2/FAST/scripts/array_swap
[12-06-2021 22:58:18] Checking array_simple_search
[12-06-2021 22:58:18] Directory: C:/Users/drago/Documents/GameMakerStudio2/FAST/scripts/array_simple_search
[12-06-2021 22:58:18] Checking array_shuffle
[12-06-2021 22:58:18] Directory: C:/Users/drago/Documents/GameMakerStudio2/FAST/scripts/array_shuffle
[12-06-2021 22:58:18] Checking array_reverse
[12-06-2021 22:58:18] Directory: C:/Users/drago/Documents/GameMakerStudio2/FAST/scripts/array_reverse
[12-06-2021 22:58:18] Checking array_quicksort
[12-06-2021 22:58:18] Directory: C:/Users/drago/Documents/GameMakerStudio2/FAST/scripts/array_quicksort
[12-06-2021 22:58:18] Checking array_merge_sort
[12-06-2021 22:58:18] Directory: C:/Users/drago/Documents/GameMakerStudio2/FAST/scripts/array_merge_sort
[12-06-2021 22:58:18] Checking array_intersection
[12-06-2021 22:58:18] Directory: C:/Users/drago/Documents/GameMakerStudio2/FAST/scripts/array_intersection
[12-06-2021 22:58:18] Checking array_insertion_sort
[12-06-2021 22:58:18] Directory: C:/Users/drago/Documents/GameMakerStudio2/FAST/scripts/array_insertion_sort
[12-06-2021 22:58:18] Checking array_difference
[12-06-2021 22:58:18] Directory: C:/Users/drago/Documents/GameMakerStudio2/FAST/scripts/array_difference
[12-06-2021 22:58:18] Checking array_combine
[12-06-2021 22:58:18] Directory: C:/Users/drago/Documents/GameMakerStudio2/FAST/scripts/array_combine
[12-06-2021 22:58:18] Checking array_binary_search
[12-06-2021 22:58:18] Directory: C:/Users/drago/Documents/GameMakerStudio2/FAST/scripts/array_binary_search
[12-06-2021 22:58:18] Checking ArrayList
[12-06-2021 22:58:18] Directory: C:/Users/drago/Documents/GameMakerStudio2/FAST/scripts/ArrayList
[12-06-2021 22:58:18] Current parent directory: C:/Users/drago/Documents/GameMakerStudio2/FAST/scripts/ArrayList
[12-06-2021 22:58:18] Checking ArrayList.yy
[12-06-2021 22:58:18] Parsing C:/Users/drago/Documents/GameMakerStudio2/FAST/scripts/ArrayList/ArrayList.yy
[12-06-2021 22:58:18] Reading C:/Users/drago/Documents/GameMakerStudio2/FAST/scripts/ArrayList/ArrayList.yy
[12-06-2021 22:58:18] Par: "folders/FAST/Core/Constructors/Data Types" at dir: "C:/Users/drago/Documents/GameMakerStudio2/FAST/scripts/ArrayList/ArrayList.yy"
[12-06-2021 22:58:18] Found Script: ArrayList
[12-06-2021 22:58:18] Checking ArrayList.gml
[12-06-2021 22:58:18] Current parent directory: C:/Users/drago/Documents/GameMakerStudio2/FAST/scripts/array_binary_search
[12-06-2021 22:58:18] Checking array_binary_search.yy
[12-06-2021 22:58:18] Parsing C:/Users/drago/Documents/GameMakerStudio2/FAST/scripts/array_binary_search/array_binary_search.yy
[12-06-2021 22:58:18] Reading C:/Users/drago/Documents/GameMakerStudio2/FAST/scripts/array_binary_search/array_binary_search.yy
[12-06-2021 22:58:18] Par: "folders/FAST/Core/Functions/array" at dir: "C:/Users/drago/Documents/GameMakerStudio2/FAST/scripts/array_binary_search/array_binary_search.yy"
[12-06-2021 22:58:18] Found Script: array_binary_search
[12-06-2021 22:58:18] Checking array_binary_search.gml
[12-06-2021 22:58:18] Current parent directory: C:/Users/drago/Documents/GameMakerStudio2/FAST/scripts/array_combine
[12-06-2021 22:58:18] Checking array_combine.yy
[12-06-2021 22:58:18] Parsing C:/Users/drago/Documents/GameMakerStudio2/FAST/scripts/array_combine/array_combine.yy
[12-06-2021 22:58:18] Reading C:/Users/drago/Documents/GameMakerStudio2/FAST/scripts/array_combine/array_combine.yy
[12-06-2021 22:58:18] Par: "folders/FAST/Core/Functions/array" at dir: "C:/Users/drago/Documents/GameMakerStudio2/FAST/scripts/array_combine/array_combine.yy"
[12-06-2021 22:58:18] Found Script: array_combine
[12-06-2021 22:58:18] Checking array_combine.gml
[12-06-2021 22:58:18] Current parent directory: C:/Users/drago/Documents/GameMakerStudio2/FAST/scripts/array_difference
[12-06-2021 22:58:18] Checking array_difference.yy
[12-06-2021 22:58:18] Parsing C:/Users/drago/Documents/GameMakerStudio2/FAST/scripts/array_difference/array_difference.yy
[12-06-2021 22:58:18] Reading C:/Users/drago/Documents/GameMakerStudio2/FAST/scripts/array_difference/array_difference.yy
[12-06-2021 22:58:18] Par: "folders/FAST/Core/Functions/array" at dir: "C:/Users/drago/Documents/GameMakerStudio2/FAST/scripts/array_difference/array_difference.yy"
[12-06-2021 22:58:18] Found Script: array_difference
[12-06-2021 22:58:18] Checking array_difference.gml
[12-06-2021 22:58:18] Current parent directory: C:/Users/drago/Documents/GameMakerStudio2/FAST/scripts/array_insertion_sort
[12-06-2021 22:58:18] Checking array_insertion_sort.yy
[12-06-2021 22:58:18] Parsing C:/Users/drago/Documents/GameMakerStudio2/FAST/scripts/array_insertion_sort/array_insertion_sort.yy
[12-06-2021 22:58:18] Reading C:/Users/drago/Documents/GameMakerStudio2/FAST/scripts/array_insertion_sort/array_insertion_sort.yy
[12-06-2021 22:58:18] Par: "folders/FAST/Core/Functions/array" at dir: "C:/Users/drago/Documents/GameMakerStudio2/FAST/scripts/array_insertion_sort/array_insertion_sort.yy"
[12-06-2021 22:58:18] Found Script: array_insertion_sort
[12-06-2021 22:58:18] Checking array_insertion_sort.gml
[12-06-2021 22:58:18] Current parent directory: C:/Users/drago/Documents/GameMakerStudio2/FAST/scripts/array_intersection
[12-06-2021 22:58:18] Checking array_intersection.yy
[12-06-2021 22:58:18] Parsing C:/Users/drago/Documents/GameMakerStudio2/FAST/scripts/array_intersection/array_intersection.yy
[12-06-2021 22:58:18] Reading C:/Users/drago/Documents/GameMakerStudio2/FAST/scripts/array_intersection/array_intersection.yy
[12-06-2021 22:58:18] Par: "folders/FAST/Core/Functions/array" at dir: "C:/Users/drago/Documents/GameMakerStudio2/FAST/scripts/array_intersection/array_intersection.yy"
[12-06-2021 22:58:18] Found Script: array_intersection
[12-06-2021 22:58:18] Checking array_intersection.gml
[12-06-2021 22:58:18] Current parent directory: C:/Users/drago/Documents/GameMakerStudio2/FAST/scripts/array_merge_sort
[12-06-2021 22:58:18] Checking array_merge_sort.yy
[12-06-2021 22:58:18] Parsing C:/Users/drago/Documents/GameMakerStudio2/FAST/scripts/array_merge_sort/array_merge_sort.yy
[12-06-2021 22:58:18] Reading C:/Users/drago/Documents/GameMakerStudio2/FAST/scripts/array_merge_sort/array_merge_sort.yy
[12-06-2021 22:58:18] Par: "folders/FAST/Core/Functions/array" at dir: "C:/Users/drago/Documents/GameMakerStudio2/FAST/scripts/array_merge_sort/array_merge_sort.yy"
[12-06-2021 22:58:18] Found Script: array_merge_sort
[12-06-2021 22:58:18] Checking array_merge_sort.gml
[12-06-2021 22:58:18] Current parent directory: C:/Users/drago/Documents/GameMakerStudio2/FAST/scripts/array_quicksort
[12-06-2021 22:58:18] Checking array_quicksort.yy
[12-06-2021 22:58:18] Parsing C:/Users/drago/Documents/GameMakerStudio2/FAST/scripts/array_quicksort/array_quicksort.yy
[12-06-2021 22:58:18] Reading C:/Users/drago/Documents/GameMakerStudio2/FAST/scripts/array_quicksort/array_quicksort.yy
[12-06-2021 22:58:18] Par: "folders/FAST/Core/Functions/array" at dir: "C:/Users/drago/Documents/GameMakerStudio2/FAST/scripts/array_quicksort/array_quicksort.yy"
[12-06-2021 22:58:18] Found Script: array_quicksort
[12-06-2021 22:58:18] Checking array_quicksort.gml
[12-06-2021 22:58:18] Current parent directory: C:/Users/drago/Documents/GameMakerStudio2/FAST/scripts/array_reverse
[12-06-2021 22:58:18] Checking array_reverse.yy
[12-06-2021 22:58:18] Parsing C:/Users/drago/Documents/GameMakerStudio2/FAST/scripts/array_reverse/array_reverse.yy
[12-06-2021 22:58:18] Reading C:/Users/drago/Documents/GameMakerStudio2/FAST/scripts/array_reverse/array_reverse.yy
[12-06-2021 22:58:18] Par: "folders/FAST/Core/Functions/array" at dir: "C:/Users/drago/Documents/GameMakerStudio2/FAST/scripts/array_reverse/array_reverse.yy"
[12-06-2021 22:58:18] Found Script: array_reverse
[12-06-2021 22:58:18] Checking array_reverse.gml
[12-06-2021 22:58:18] Current parent directory: C:/Users/drago/Documents/GameMakerStudio2/FAST/scripts/array_shuffle
[12-06-2021 22:58:18] Checking array_shuffle.yy
[12-06-2021 22:58:18] Parsing C:/Users/drago/Documents/GameMakerStudio2/FAST/scripts/array_shuffle/array_shuffle.yy
[12-06-2021 22:58:18] Reading C:/Users/drago/Documents/GameMakerStudio2/FAST/scripts/array_shuffle/array_shuffle.yy
[12-06-2021 22:58:18] Par: "folders/FAST/Core/Functions/array" at dir: "C:/Users/drago/Documents/GameMakerStudio2/FAST/scripts/array_shuffle/array_shuffle.yy"
[12-06-2021 22:58:18] Found Script: array_shuffle
[12-06-2021 22:58:18] Checking array_shuffle.gml
[12-06-2021 22:58:18] Current parent directory: C:/Users/drago/Documents/GameMakerStudio2/FAST/scripts/array_simple_search
[12-06-2021 22:58:18] Checking array_simple_search.yy
[12-06-2021 22:58:18] Parsing C:/Users/drago/Documents/GameMakerStudio2/FAST/scripts/array_simple_search/array_simple_search.yy
[12-06-2021 22:58:18] Reading C:/Users/drago/Documents/GameMakerStudio2/FAST/scripts/array_simple_search/array_simple_search.yy
[12-06-2021 22:58:18] Par: "folders/FAST/Core/Functions/array" at dir: "C:/Users/drago/Documents/GameMakerStudio2/FAST/scripts/array_simple_search/array_simple_search.yy"
[12-06-2021 22:58:18] Found Script: array_simple_search
[12-06-2021 22:58:18] Checking array_simple_search.gml
[12-06-2021 22:58:18] Current parent directory: C:/Users/drago/Documents/GameMakerStudio2/FAST/scripts/array_swap
[12-06-2021 22:58:18] Checking array_swap.yy
[12-06-2021 22:58:18] Parsing C:/Users/drago/Documents/GameMakerStudio2/FAST/scripts/array_swap/array_swap.yy
[12-06-2021 22:58:18] Reading C:/Users/drago/Documents/GameMakerStudio2/FAST/scripts/array_swap/array_swap.yy
[12-06-2021 22:58:18] Par: "folders/FAST/Core/Functions/array" at dir: "C:/Users/drago/Documents/GameMakerStudio2/FAST/scripts/array_swap/array_swap.yy"
[12-06-2021 22:58:18] Found Script: array_swap
[12-06-2021 22:58:18] Checking array_swap.gml
[12-06-2021 22:58:18] Current parent directory: C:/Users/drago/Documents/GameMakerStudio2/FAST/scripts/array_to_string
[12-06-2021 22:58:18] Checking array_to_string.yy
[12-06-2021 22:58:18] Parsing C:/Users/drago/Documents/GameMakerStudio2/FAST/scripts/array_to_string/array_to_string.yy
[12-06-2021 22:58:18] Reading C:/Users/drago/Documents/GameMakerStudio2/FAST/scripts/array_to_string/array_to_string.yy
[12-06-2021 22:58:18] Par: "folders/FAST/Core/Functions/array" at dir: "C:/Users/drago/Documents/GameMakerStudio2/FAST/scripts/array_to_string/array_to_string.yy"
[12-06-2021 22:58:18] Found Script: array_to_string
[12-06-2021 22:58:18] Checking array_to_string.gml
[12-06-2021 22:58:18] Current parent directory: C:/Users/drago/Documents/GameMakerStudio2/FAST/scripts/array_union
[12-06-2021 22:58:18] Checking array_union.yy
[12-06-2021 22:58:18] Parsing C:/Users/drago/Documents/GameMakerStudio2/FAST/scripts/array_union/array_union.yy
[12-06-2021 22:58:18] Reading C:/Users/drago/Documents/GameMakerStudio2/FAST/scripts/array_union/array_union.yy
[12-06-2021 22:58:18] Par: "folders/FAST/Core/Functions/array" at dir: "C:/Users/drago/Documents/GameMakerStudio2/FAST/scripts/array_union/array_union.yy"
[12-06-2021 22:58:18] Found Script: array_union
[12-06-2021 22:58:18] Checking array_union.gml
[12-06-2021 22:58:18] Current parent directory: C:/Users/drago/Documents/GameMakerStudio2/FAST/scripts/array_unique
[12-06-2021 22:58:18] Checking array_unique.yy
[12-06-2021 22:58:18] Parsing C:/Users/drago/Documents/GameMakerStudio2/FAST/scripts/array_unique/array_unique.yy
[12-06-2021 22:58:18] Reading C:/Users/drago/Documents/GameMakerStudio2/FAST/scripts/array_unique/array_unique.yy
[12-06-2021 22:58:18] Par: "folders/FAST/Core/Functions/array" at dir: "C:/Users/drago/Documents/GameMakerStudio2/FAST/scripts/array_unique/array_unique.yy"
[12-06-2021 22:58:18] Found Script: array_unique
[12-06-2021 22:58:18] Checking array_unique.gml
[12-06-2021 22:58:18] Current parent directory: C:/Users/drago/Documents/GameMakerStudio2/FAST/scripts/ats_ArrayList
[12-06-2021 22:58:18] Checking ats_ArrayList.yy
[12-06-2021 22:58:18] Parsing C:/Users/drago/Documents/GameMakerStudio2/FAST/scripts/ats_ArrayList/ats_ArrayList.yy
[12-06-2021 22:58:18] Reading C:/Users/drago/Documents/GameMakerStudio2/FAST/scripts/ats_ArrayList/ats_ArrayList.yy
[12-06-2021 22:58:18] Par: "folders/Automated Testing Suite/Test Cases/Core" at dir: "C:/Users/drago/Documents/GameMakerStudio2/FAST/scripts/ats_ArrayList/ats_ArrayList.yy"
[12-06-2021 22:58:18] Found Script: ats_ArrayList
[12-06-2021 22:58:18] Checking ats_ArrayList.gml
[12-06-2021 22:58:18] Current parent directory: C:/Users/drago/Documents/GameMakerStudio2/FAST/scripts/ats_Dictionary
[12-06-2021 22:58:18] Checking ats_Dictionary.yy
[12-06-2021 22:58:18] Parsing C:/Users/drago/Documents/GameMakerStudio2/FAST/scripts/ats_Dictionary/ats_Dictionary.yy
[12-06-2021 22:58:18] Reading C:/Users/drago/Documents/GameMakerStudio2/FAST/scripts/ats_Dictionary/ats_Dictionary.yy
[12-06-2021 22:58:18] Par: "folders/Automated Testing Suite/Test Cases/Core" at dir: "C:/Users/drago/Documents/GameMakerStudio2/FAST/scripts/ats_Dictionary/ats_Dictionary.yy"
[12-06-2021 22:58:18] Found Script: ats_Dictionary
[12-06-2021 22:58:18] Checking ats_Dictionary.gml
[12-06-2021 22:58:18] Current parent directory: C:/Users/drago/Documents/GameMakerStudio2/FAST/scripts/ats_Errors
[12-06-2021 22:58:18] Checking ats_Errors.yy
[12-06-2021 22:58:18] Parsing C:/Users/drago/Documents/GameMakerStudio2/FAST/scripts/ats_Errors/ats_Errors.yy
[12-06-2021 22:58:18] Reading C:/Users/drago/Documents/GameMakerStudio2/FAST/scripts/ats_Errors/ats_Errors.yy
[12-06-2021 22:58:18] Par: "folders/Automated Testing Suite/Test Cases/Core" at dir: "C:/Users/drago/Documents/GameMakerStudio2/FAST/scripts/ats_Errors/ats_Errors.yy"
[12-06-2021 22:58:18] Found Script: ats_Errors
[12-06-2021 22:58:18] Checking ats_Errors.gml
[12-06-2021 22:58:18] Current parent directory: C:/Users/drago/Documents/GameMakerStudio2/FAST/scripts/ats_f_arrays
[12-06-2021 22:58:18] Checking ats_f_arrays.yy
[12-06-2021 22:58:18] Parsing C:/Users/drago/Documents/GameMakerStudio2/FAST/scripts/ats_f_arrays/ats_f_arrays.yy
[12-06-2021 22:58:18] Reading C:/Users/drago/Documents/GameMakerStudio2/FAST/scripts/ats_f_arrays/ats_f_arrays.yy
[12-06-2021 22:58:18] Par: "folders/Automated Testing Suite/Test Cases/Core" at dir: "C:/Users/drago/Documents/GameMakerStudio2/FAST/scripts/ats_f_arrays/ats_f_arrays.yy"
[12-06-2021 22:58:18] Found Script: ats_f_arrays
[12-06-2021 22:58:18] Checking ats_f_arrays.gml
[12-06-2021 22:58:18] Current parent directory: C:/Users/drago/Documents/GameMakerStudio2/FAST/scripts/ats_f_strings
[12-06-2021 22:58:18] Checking ats_f_strings.yy
[12-06-2021 22:58:18] Parsing C:/Users/drago/Documents/GameMakerStudio2/FAST/scripts/ats_f_strings/ats_f_strings.yy
[12-06-2021 22:58:18] Reading C:/Users/drago/Documents/GameMakerStudio2/FAST/scripts/ats_f_strings/ats_f_strings.yy
[12-06-2021 22:58:18] Par: "folders/Automated Testing Suite/Test Cases/Core" at dir: "C:/Users/drago/Documents/GameMakerStudio2/FAST/scripts/ats_f_strings/ats_f_strings.yy"
[12-06-2021 22:58:18] Found Script: ats_f_strings
[12-06-2021 22:58:18] Checking ats_f_strings.gml
[12-06-2021 22:58:18] Current parent directory: C:/Users/drago/Documents/GameMakerStudio2/FAST/scripts/ats_HashMap
[12-06-2021 22:58:18] Checking ats_HashMap.yy
[12-06-2021 22:58:18] Parsing C:/Users/drago/Documents/GameMakerStudio2/FAST/scripts/ats_HashMap/ats_HashMap.yy
[12-06-2021 22:58:18] Reading C:/Users/drago/Documents/GameMakerStudio2/FAST/scripts/ats_HashMap/ats_HashMap.yy
[12-06-2021 22:58:18] Par: "folders/Automated Testing Suite/Test Cases/Core" at dir: "C:/Users/drago/Documents/GameMakerStudio2/FAST/scripts/ats_HashMap/ats_HashMap.yy"
[12-06-2021 22:58:18] Found Script: ats_HashMap
[12-06-2021 22:58:18] Checking ats_HashMap.gml
[12-06-2021 22:58:18] Current parent directory: C:/Users/drago/Documents/GameMakerStudio2/FAST/scripts/ats_IterableList
[12-06-2021 22:58:18] Checking ats_IterableList.yy
[12-06-2021 22:58:18] Parsing C:/Users/drago/Documents/GameMakerStudio2/FAST/scripts/ats_IterableList/ats_IterableList.yy
[12-06-2021 22:58:18] Reading C:/Users/drago/Documents/GameMakerStudio2/FAST/scripts/ats_IterableList/ats_IterableList.yy
[12-06-2021 22:58:18] Par: "folders/Automated Testing Suite/Test Cases/Core" at dir: "C:/Users/drago/Documents/GameMakerStudio2/FAST/scripts/ats_IterableList/ats_IterableList.yy"
[12-06-2021 22:58:18] Found Script: ats_IterableList
[12-06-2021 22:58:18] Checking ats_IterableList.gml
[12-06-2021 22:58:18] Current parent directory: C:/Users/drago/Documents/GameMakerStudio2/FAST/scripts/ats_LinkedList
[12-06-2021 22:58:18] Checking ats_LinkedList.yy
[12-06-2021 22:58:18] Parsing C:/Users/drago/Documents/GameMakerStudio2/FAST/scripts/ats_LinkedList/ats_LinkedList.yy
[12-06-2021 22:58:18] Reading C:/Users/drago/Documents/GameMakerStudio2/FAST/scripts/ats_LinkedList/ats_LinkedList.yy
[12-06-2021 22:58:18] Par: "folders/Automated Testing Suite/Test Cases/Core" at dir: "C:/Users/drago/Documents/GameMakerStudio2/FAST/scripts/ats_LinkedList/ats_LinkedList.yy"
[12-06-2021 22:58:18] Found Script: ats_LinkedList
[12-06-2021 22:58:18] Checking ats_LinkedList.gml
[12-06-2021 22:58:18] Current parent directory: C:/Users/drago/Documents/GameMakerStudio2/FAST/scripts/ats_Parser
[12-06-2021 22:58:18] Checking ats_Parser.yy
[12-06-2021 22:58:18] Parsing C:/Users/drago/Documents/GameMakerStudio2/FAST/scripts/ats_Parser/ats_Parser.yy
[12-06-2021 22:58:18] Reading C:/Users/drago/Documents/GameMakerStudio2/FAST/scripts/ats_Parser/ats_Parser.yy
[12-06-2021 22:58:18] Par: "folders/Automated Testing Suite/Test Cases/Core" at dir: "C:/Users/drago/Documents/GameMakerStudio2/FAST/scripts/ats_Parser/ats_Parser.yy"
[12-06-2021 22:58:18] Found Script: ats_Parser
[12-06-2021 22:58:18] Checking ats_Parser.gml
[12-06-2021 22:58:18] Current parent directory: C:/Users/drago/Documents/GameMakerStudio2/FAST/scripts/blank
[12-06-2021 22:58:18] Checking blank.yy
[12-06-2021 22:58:18] Parsing C:/Users/drago/Documents/GameMakerStudio2/FAST/scripts/blank/blank.yy
[12-06-2021 22:58:18] Reading C:/Users/drago/Documents/GameMakerStudio2/FAST/scripts/blank/blank.yy
[12-06-2021 22:58:18] ROOT found, not added.
[12-06-2021 22:58:18] Par: "folders" at dir: "C:/Users/drago/Documents/GameMakerStudio2/FAST/scripts/blank/blank.yy"
[12-06-2021 22:58:18] Found Script: blank
[12-06-2021 22:58:18] Checking blank.gml
[12-06-2021 22:58:18] Current parent directory: C:/Users/drago/Documents/GameMakerStudio2/FAST/scripts/BufferedOutput
[12-06-2021 22:58:18] Checking BufferedOutput.yy
[12-06-2021 22:58:18] Parsing C:/Users/drago/Documents/GameMakerStudio2/FAST/scripts/BufferedOutput/BufferedOutput.yy
[12-06-2021 22:58:18] Reading C:/Users/drago/Documents/GameMakerStudio2/FAST/scripts/BufferedOutput/BufferedOutput.yy
[12-06-2021 22:58:18] Par: "folders/FAST/Logging/Buffers" at dir: "C:/Users/drago/Documents/GameMakerStudio2/FAST/scripts/BufferedOutput/BufferedOutput.yy"
[12-06-2021 22:58:18] Found Script: BufferedOutput
[12-06-2021 22:58:18] Checking BufferedOutput.gml
[12-06-2021 22:58:18] Current parent directory: C:/Users/drago/Documents/GameMakerStudio2/FAST/scripts/DeltaEvent
[12-06-2021 22:58:18] Checking DeltaEvent.yy
[12-06-2021 22:58:18] Parsing C:/Users/drago/Documents/GameMakerStudio2/FAST/scripts/DeltaEvent/DeltaEvent.yy
[12-06-2021 22:58:18] Reading C:/Users/drago/Documents/GameMakerStudio2/FAST/scripts/DeltaEvent/DeltaEvent.yy
[12-06-2021 22:58:18] Par: "folders/FAST/Core/Constructors/Timing" at dir: "C:/Users/drago/Documents/GameMakerStudio2/FAST/scripts/DeltaEvent/DeltaEvent.yy"
[12-06-2021 22:58:18] Found Script: DeltaEvent
[12-06-2021 22:58:18] Checking DeltaEvent.gml
[12-06-2021 22:58:18] Current parent directory: C:/Users/drago/Documents/GameMakerStudio2/FAST/scripts/Dictionary
[12-06-2021 22:58:18] Checking Dictionary.yy
[12-06-2021 22:58:18] Parsing C:/Users/drago/Documents/GameMakerStudio2/FAST/scripts/Dictionary/Dictionary.yy
[12-06-2021 22:58:18] Reading C:/Users/drago/Documents/GameMakerStudio2/FAST/scripts/Dictionary/Dictionary.yy
[12-06-2021 22:58:18] Par: "folders/FAST/Core/Constructors/Data Types" at dir: "C:/Users/drago/Documents/GameMakerStudio2/FAST/scripts/Dictionary/Dictionary.yy"
[12-06-2021 22:58:18] Found Script: Dictionary
[12-06-2021 22:58:18] Checking Dictionary.gml
[12-06-2021 22:58:18] Current parent directory: C:/Users/drago/Documents/GameMakerStudio2/FAST/scripts/error_type
[12-06-2021 22:58:18] Checking error_type.yy
[12-06-2021 22:58:18] Parsing C:/Users/drago/Documents/GameMakerStudio2/FAST/scripts/error_type/error_type.yy
[12-06-2021 22:58:18] Reading C:/Users/drago/Documents/GameMakerStudio2/FAST/scripts/error_type/error_type.yy
[12-06-2021 22:58:18] Par: "folders/FAST/Core/Functions/type" at dir: "C:/Users/drago/Documents/GameMakerStudio2/FAST/scripts/error_type/error_type.yy"
[12-06-2021 22:58:18] Found Script: error_type
[12-06-2021 22:58:18] Checking error_type.gml
[12-06-2021 22:58:18] Current parent directory: C:/Users/drago/Documents/GameMakerStudio2/FAST/scripts/FAST_macros
[12-06-2021 22:58:18] Checking FAST_macros.yy
[12-06-2021 22:58:18] Parsing C:/Users/drago/Documents/GameMakerStudio2/FAST/scripts/FAST_macros/FAST_macros.yy
[12-06-2021 22:58:18] Reading C:/Users/drago/Documents/GameMakerStudio2/FAST/scripts/FAST_macros/FAST_macros.yy
[12-06-2021 22:58:18] Par: "folders/FAST" at dir: "C:/Users/drago/Documents/GameMakerStudio2/FAST/scripts/FAST_macros/FAST_macros.yy"
[12-06-2021 22:58:18] Found Script: FAST_macros
[12-06-2021 22:58:18] Checking FAST_macros.gml
[12-06-2021 22:58:18] Current parent directory: C:/Users/drago/Documents/GameMakerStudio2/FAST/scripts/Feature
[12-06-2021 22:58:18] Checking Feature.yy
[12-06-2021 22:58:18] Parsing C:/Users/drago/Documents/GameMakerStudio2/FAST/scripts/Feature/Feature.yy
[12-06-2021 22:58:18] Reading C:/Users/drago/Documents/GameMakerStudio2/FAST/scripts/Feature/Feature.yy
[12-06-2021 22:58:18] Par: "folders/FAST/Core/System/Structs" at dir: "C:/Users/drago/Documents/GameMakerStudio2/FAST/scripts/Feature/Feature.yy"
[12-06-2021 22:58:18] Found Script: Feature
[12-06-2021 22:58:18] Checking Feature.gml
[12-06-2021 22:58:18] Current parent directory: C:/Users/drago/Documents/GameMakerStudio2/FAST/scripts/file_get_directory
[12-06-2021 22:58:18] Checking file_get_directory.yy
[12-06-2021 22:58:18] Parsing C:/Users/drago/Documents/GameMakerStudio2/FAST/scripts/file_get_directory/file_get_directory.yy
[12-06-2021 22:58:18] Reading C:/Users/drago/Documents/GameMakerStudio2/FAST/scripts/file_get_directory/file_get_directory.yy
[12-06-2021 22:58:18] Par: "folders/FAST/IO/Functions/file" at dir: "C:/Users/drago/Documents/GameMakerStudio2/FAST/scripts/file_get_directory/file_get_directory.yy"
[12-06-2021 22:58:18] Found Script: file_get_directory
[12-06-2021 22:58:18] Checking file_get_directory.gml
[12-06-2021 22:58:18] Current parent directory: C:/Users/drago/Documents/GameMakerStudio2/FAST/scripts/FrameEvent
[12-06-2021 22:58:18] Checking FrameEvent.yy
[12-06-2021 22:58:18] Parsing C:/Users/drago/Documents/GameMakerStudio2/FAST/scripts/FrameEvent/FrameEvent.yy
[12-06-2021 22:58:18] Reading C:/Users/drago/Documents/GameMakerStudio2/FAST/scripts/FrameEvent/FrameEvent.yy
[12-06-2021 22:58:18] Par: "folders/FAST/Core/Constructors/Timing" at dir: "C:/Users/drago/Documents/GameMakerStudio2/FAST/scripts/FrameEvent/FrameEvent.yy"
[12-06-2021 22:58:18] Found Script: FrameEvent
[12-06-2021 22:58:18] Checking FrameEvent.gml
[12-06-2021 22:58:18] Current parent directory: C:/Users/drago/Documents/GameMakerStudio2/FAST/scripts/HashMap
[12-06-2021 22:58:18] Checking HashMap.yy
[12-06-2021 22:58:18] Parsing C:/Users/drago/Documents/GameMakerStudio2/FAST/scripts/HashMap/HashMap.yy
[12-06-2021 22:58:18] Reading C:/Users/drago/Documents/GameMakerStudio2/FAST/scripts/HashMap/HashMap.yy
[12-06-2021 22:58:18] Par: "folders/FAST/Core/Constructors/Data Types" at dir: "C:/Users/drago/Documents/GameMakerStudio2/FAST/scripts/HashMap/HashMap.yy"
[12-06-2021 22:58:18] Found Script: HashMap
[12-06-2021 22:58:18] Checking HashMap.gml
[12-06-2021 22:58:18] Current parent directory: C:/Users/drago/Documents/GameMakerStudio2/FAST/scripts/include
[12-06-2021 22:58:18] Checking include.yy
[12-06-2021 22:58:18] Parsing C:/Users/drago/Documents/GameMakerStudio2/FAST/scripts/include/include.yy
[12-06-2021 22:58:18] Reading C:/Users/drago/Documents/GameMakerStudio2/FAST/scripts/include/include.yy
[12-06-2021 22:58:18] Par: "folders/FAST/Core/Functions/include" at dir: "C:/Users/drago/Documents/GameMakerStudio2/FAST/scripts/include/include.yy"
[12-06-2021 22:58:18] Found Script: include
[12-06-2021 22:58:18] Checking include.gml
[12-06-2021 22:58:18] Current parent directory: C:/Users/drago/Documents/GameMakerStudio2/FAST/scripts/InputManager
[12-06-2021 22:58:18] Checking InputManager.yy
[12-06-2021 22:58:18] Parsing C:/Users/drago/Documents/GameMakerStudio2/FAST/scripts/InputManager/InputManager.yy
[12-06-2021 22:58:18] Reading C:/Users/drago/Documents/GameMakerStudio2/FAST/scripts/InputManager/InputManager.yy
[12-06-2021 22:58:18] Par: "folders/FAST/IO" at dir: "C:/Users/drago/Documents/GameMakerStudio2/FAST/scripts/InputManager/InputManager.yy"
[12-06-2021 22:58:18] Found Script: InputManager
[12-06-2021 22:58:18] Checking InputManager.gml
[12-06-2021 22:58:18] Current parent directory: C:/Users/drago/Documents/GameMakerStudio2/FAST/scripts/int_wrap
[12-06-2021 22:58:18] Checking int_wrap.yy
[12-06-2021 22:58:18] Parsing C:/Users/drago/Documents/GameMakerStudio2/FAST/scripts/int_wrap/int_wrap.yy
[12-06-2021 22:58:18] Reading C:/Users/drago/Documents/GameMakerStudio2/FAST/scripts/int_wrap/int_wrap.yy
[12-06-2021 22:58:18] Par: "folders/FAST/Numbers/Functions/int" at dir: "C:/Users/drago/Documents/GameMakerStudio2/FAST/scripts/int_wrap/int_wrap.yy"
[12-06-2021 22:58:18] Found Script: int_wrap
[12-06-2021 22:58:18] Checking int_wrap.gml
[12-06-2021 22:58:18] Current parent directory: C:/Users/drago/Documents/GameMakerStudio2/FAST/scripts/LehmerRandomizer
[12-06-2021 22:58:18] Checking LehmerRandomizer.yy
[12-06-2021 22:58:18] Parsing C:/Users/drago/Documents/GameMakerStudio2/FAST/scripts/LehmerRandomizer/LehmerRandomizer.yy
[12-06-2021 22:58:18] Reading C:/Users/drago/Documents/GameMakerStudio2/FAST/scripts/LehmerRandomizer/LehmerRandomizer.yy
[12-06-2021 22:58:18] Par: "folders/FAST/Numbers/Random" at dir: "C:/Users/drago/Documents/GameMakerStudio2/FAST/scripts/LehmerRandomizer/LehmerRandomizer.yy"
[12-06-2021 22:58:18] Found Script: LehmerRandomizer
[12-06-2021 22:58:18] Checking LehmerRandomizer.gml
[12-06-2021 22:58:18] Current parent directory: C:/Users/drago/Documents/GameMakerStudio2/FAST/scripts/LinkedList
[12-06-2021 22:58:18] Checking LinkedList.yy
[12-06-2021 22:58:18] Parsing C:/Users/drago/Documents/GameMakerStudio2/FAST/scripts/LinkedList/LinkedList.yy
[12-06-2021 22:58:18] Reading C:/Users/drago/Documents/GameMakerStudio2/FAST/scripts/LinkedList/LinkedList.yy
[12-06-2021 22:58:18] Par: "folders/FAST/Core/Constructors/Data Types" at dir: "C:/Users/drago/Documents/GameMakerStudio2/FAST/scripts/LinkedList/LinkedList.yy"
[12-06-2021 22:58:18] Found Script: LinkedList
[12-06-2021 22:58:18] Checking LinkedList.gml
[12-06-2021 22:58:18] Current parent directory: C:/Users/drago/Documents/GameMakerStudio2/FAST/scripts/Logger
[12-06-2021 22:58:18] Checking Logger.yy
[12-06-2021 22:58:18] Parsing C:/Users/drago/Documents/GameMakerStudio2/FAST/scripts/Logger/Logger.yy
[12-06-2021 22:58:18] Reading C:/Users/drago/Documents/GameMakerStudio2/FAST/scripts/Logger/Logger.yy
[12-06-2021 22:58:18] Par: "folders/FAST/Logging/Structs" at dir: "C:/Users/drago/Documents/GameMakerStudio2/FAST/scripts/Logger/Logger.yy"
[12-06-2021 22:58:18] Found Script: Logger
[12-06-2021 22:58:18] Checking Logger.gml
[12-06-2021 22:58:18] Current parent directory: C:/Users/drago/Documents/GameMakerStudio2/FAST/scripts/log_critical
[12-06-2021 22:58:18] Checking log_critical.yy
[12-06-2021 22:58:18] Parsing C:/Users/drago/Documents/GameMakerStudio2/FAST/scripts/log_critical/log_critical.yy
[12-06-2021 22:58:18] Reading C:/Users/drago/Documents/GameMakerStudio2/FAST/scripts/log_critical/log_critical.yy
[12-06-2021 22:58:18] Par: "folders/FAST/Logging/Functions" at dir: "C:/Users/drago/Documents/GameMakerStudio2/FAST/scripts/log_critical/log_critical.yy"
[12-06-2021 22:58:18] Found Script: log_critical
[12-06-2021 22:58:18] Checking log_critical.gml
[12-06-2021 22:58:18] Current parent directory: C:/Users/drago/Documents/GameMakerStudio2/FAST/scripts/log_debug
[12-06-2021 22:58:18] Checking log_debug.yy
[12-06-2021 22:58:18] Parsing C:/Users/drago/Documents/GameMakerStudio2/FAST/scripts/log_debug/log_debug.yy
[12-06-2021 22:58:18] Reading C:/Users/drago/Documents/GameMakerStudio2/FAST/scripts/log_debug/log_debug.yy
[12-06-2021 22:58:18] Par: "folders/FAST/Logging/Functions" at dir: "C:/Users/drago/Documents/GameMakerStudio2/FAST/scripts/log_debug/log_debug.yy"
[12-06-2021 22:58:18] Found Script: log_debug
[12-06-2021 22:58:18] Checking log_debug.gml
[12-06-2021 22:58:18] Current parent directory: C:/Users/drago/Documents/GameMakerStudio2/FAST/scripts/log_nonfatal
[12-06-2021 22:58:18] Checking log_nonfatal.yy
[12-06-2021 22:58:18] Parsing C:/Users/drago/Documents/GameMakerStudio2/FAST/scripts/log_nonfatal/log_nonfatal.yy
[12-06-2021 22:58:18] Reading C:/Users/drago/Documents/GameMakerStudio2/FAST/scripts/log_nonfatal/log_nonfatal.yy
[12-06-2021 22:58:18] Par: "folders/FAST/Logging/Functions" at dir: "C:/Users/drago/Documents/GameMakerStudio2/FAST/scripts/log_nonfatal/log_nonfatal.yy"
[12-06-2021 22:58:18] Found Script: log_nonfatal
[12-06-2021 22:58:18] Checking log_nonfatal.gml
[12-06-2021 22:58:18] Current parent directory: C:/Users/drago/Documents/GameMakerStudio2/FAST/scripts/log_notify
[12-06-2021 22:58:18] Checking log_notify.yy
[12-06-2021 22:58:18] Parsing C:/Users/drago/Documents/GameMakerStudio2/FAST/scripts/log_notify/log_notify.yy
[12-06-2021 22:58:18] Reading C:/Users/drago/Documents/GameMakerStudio2/FAST/scripts/log_notify/log_notify.yy
[12-06-2021 22:58:18] Par: "folders/FAST/Logging/Functions" at dir: "C:/Users/drago/Documents/GameMakerStudio2/FAST/scripts/log_notify/log_notify.yy"
[12-06-2021 22:58:18] Found Script: log_notify
[12-06-2021 22:58:18] Checking log_notify.gml
[12-06-2021 22:58:18] Current parent directory: C:/Users/drago/Documents/GameMakerStudio2/FAST/scripts/Parser
[12-06-2021 22:58:18] Checking Parser.yy
[12-06-2021 22:58:18] Parsing C:/Users/drago/Documents/GameMakerStudio2/FAST/scripts/Parser/Parser.yy
[12-06-2021 22:58:18] Reading C:/Users/drago/Documents/GameMakerStudio2/FAST/scripts/Parser/Parser.yy
[12-06-2021 22:58:18] Par: "folders/FAST/Core/Constructors/Strings" at dir: "C:/Users/drago/Documents/GameMakerStudio2/FAST/scripts/Parser/Parser.yy"
[12-06-2021 22:58:18] Found Script: Parser
[12-06-2021 22:58:18] Checking Parser.gml
[12-06-2021 22:58:18] Current parent directory: C:/Users/drago/Documents/GameMakerStudio2/FAST/scripts/Publisher
[12-06-2021 22:58:18] Checking Publisher.yy
[12-06-2021 22:58:18] Parsing C:/Users/drago/Documents/GameMakerStudio2/FAST/scripts/Publisher/Publisher.yy
[12-06-2021 22:58:18] Reading C:/Users/drago/Documents/GameMakerStudio2/FAST/scripts/Publisher/Publisher.yy
[12-06-2021 22:58:18] Par: "folders/FAST/Publisher" at dir: "C:/Users/drago/Documents/GameMakerStudio2/FAST/scripts/Publisher/Publisher.yy"
[12-06-2021 22:58:18] Found Script: Publisher
[12-06-2021 22:58:18] Checking Publisher.gml
[12-06-2021 22:58:18] Current parent directory: C:/Users/drago/Documents/GameMakerStudio2/FAST/scripts/PublisherChannel
[12-06-2021 22:58:18] Checking PublisherChannel.yy
[12-06-2021 22:58:18] Parsing C:/Users/drago/Documents/GameMakerStudio2/FAST/scripts/PublisherChannel/PublisherChannel.yy
[12-06-2021 22:58:18] Reading C:/Users/drago/Documents/GameMakerStudio2/FAST/scripts/PublisherChannel/PublisherChannel.yy
[12-06-2021 22:58:18] Par: "folders/FAST/Publisher" at dir: "C:/Users/drago/Documents/GameMakerStudio2/FAST/scripts/PublisherChannel/PublisherChannel.yy"
[12-06-2021 22:58:18] Found Script: PublisherChannel
[12-06-2021 22:58:18] Checking PublisherChannel.gml
[12-06-2021 22:58:18] Current parent directory: C:/Users/drago/Documents/GameMakerStudio2/FAST/scripts/Randomizer
[12-06-2021 22:58:18] Checking Randomizer.yy
[12-06-2021 22:58:18] Parsing C:/Users/drago/Documents/GameMakerStudio2/FAST/scripts/Randomizer/Randomizer.yy
[12-06-2021 22:58:18] Reading C:/Users/drago/Documents/GameMakerStudio2/FAST/scripts/Randomizer/Randomizer.yy
[12-06-2021 22:58:18] Par: "folders/FAST/Numbers/Random" at dir: "C:/Users/drago/Documents/GameMakerStudio2/FAST/scripts/Randomizer/Randomizer.yy"
[12-06-2021 22:58:18] Found Script: Randomizer
[12-06-2021 22:58:18] Checking Randomizer.gml
[12-06-2021 22:58:18] Current parent directory: C:/Users/drago/Documents/GameMakerStudio2/FAST/scripts/StringFormatter
[12-06-2021 22:58:18] Checking StringFormatter.yy
[12-06-2021 22:58:18] Parsing C:/Users/drago/Documents/GameMakerStudio2/FAST/scripts/StringFormatter/StringFormatter.yy
[12-06-2021 22:58:18] Reading C:/Users/drago/Documents/GameMakerStudio2/FAST/scripts/StringFormatter/StringFormatter.yy
[12-06-2021 22:58:18] Par: "folders/FAST" at dir: "C:/Users/drago/Documents/GameMakerStudio2/FAST/scripts/StringFormatter/StringFormatter.yy"
[12-06-2021 22:58:18] Found Script: StringFormatter
[12-06-2021 22:58:18] Checking StringFormatter.gml
[12-06-2021 22:58:18] Current parent directory: C:/Users/drago/Documents/GameMakerStudio2/FAST/scripts/string_break
[12-06-2021 22:58:18] Checking string_break.yy
[12-06-2021 22:58:18] Parsing C:/Users/drago/Documents/GameMakerStudio2/FAST/scripts/string_break/string_break.yy
[12-06-2021 22:58:18] Reading C:/Users/drago/Documents/GameMakerStudio2/FAST/scripts/string_break/string_break.yy
[12-06-2021 22:58:18] Par: "folders/FAST/Core/Functions/string" at dir: "C:/Users/drago/Documents/GameMakerStudio2/FAST/scripts/string_break/string_break.yy"
[12-06-2021 22:58:18] Found Script: string_break
[12-06-2021 22:58:18] Checking string_break.gml
[12-06-2021 22:58:18] Current parent directory: C:/Users/drago/Documents/GameMakerStudio2/FAST/scripts/string_con
[12-06-2021 22:58:18] Checking string_con.yy
[12-06-2021 22:58:18] Parsing C:/Users/drago/Documents/GameMakerStudio2/FAST/scripts/string_con/string_con.yy
[12-06-2021 22:58:18] Reading C:/Users/drago/Documents/GameMakerStudio2/FAST/scripts/string_con/string_con.yy
[12-06-2021 22:58:18] Par: "folders/FAST/Core/Functions/string" at dir: "C:/Users/drago/Documents/GameMakerStudio2/FAST/scripts/string_con/string_con.yy"
[12-06-2021 22:58:18] Found Script: string_con
[12-06-2021 22:58:18] Checking string_con.gml
[12-06-2021 22:58:18] Current parent directory: C:/Users/drago/Documents/GameMakerStudio2/FAST/scripts/string_explode
[12-06-2021 22:58:18] Checking string_explode.yy
[12-06-2021 22:58:18] Parsing C:/Users/drago/Documents/GameMakerStudio2/FAST/scripts/string_explode/string_explode.yy
[12-06-2021 22:58:18] Reading C:/Users/drago/Documents/GameMakerStudio2/FAST/scripts/string_explode/string_explode.yy
[12-06-2021 22:58:18] Par: "folders/FAST/Core/Functions/string" at dir: "C:/Users/drago/Documents/GameMakerStudio2/FAST/scripts/string_explode/string_explode.yy"
[12-06-2021 22:58:18] Found Script: string_explode
[12-06-2021 22:58:18] Checking string_explode.gml
[12-06-2021 22:58:18] Current parent directory: C:/Users/drago/Documents/GameMakerStudio2/FAST/scripts/string_find_first
[12-06-2021 22:58:18] Checking string_find_first.yy
[12-06-2021 22:58:18] Parsing C:/Users/drago/Documents/GameMakerStudio2/FAST/scripts/string_find_first/string_find_first.yy
[12-06-2021 22:58:18] Reading C:/Users/drago/Documents/GameMakerStudio2/FAST/scripts/string_find_first/string_find_first.yy
[12-06-2021 22:58:18] Par: "folders/FAST/Core/Functions/string" at dir: "C:/Users/drago/Documents/GameMakerStudio2/FAST/scripts/string_find_first/string_find_first.yy"
[12-06-2021 22:58:18] Found Script: string_find_first
[12-06-2021 22:58:18] Checking string_find_first.gml
[12-06-2021 22:58:18] Current parent directory: C:/Users/drago/Documents/GameMakerStudio2/FAST/scripts/string_from_time
[12-06-2021 22:58:18] Checking string_from_time.yy
[12-06-2021 22:58:18] Parsing C:/Users/drago/Documents/GameMakerStudio2/FAST/scripts/string_from_time/string_from_time.yy
[12-06-2021 22:58:18] Reading C:/Users/drago/Documents/GameMakerStudio2/FAST/scripts/string_from_time/string_from_time.yy
[12-06-2021 22:58:18] Par: "folders/FAST/Core/Functions/string" at dir: "C:/Users/drago/Documents/GameMakerStudio2/FAST/scripts/string_from_time/string_from_time.yy"
[12-06-2021 22:58:18] Found Script: string_from_time
[12-06-2021 22:58:18] Checking string_from_time.gml
[12-06-2021 22:58:18] Current parent directory: C:/Users/drago/Documents/GameMakerStudio2/FAST/scripts/string_pad
[12-06-2021 22:58:18] Checking string_pad.yy
[12-06-2021 22:58:18] Parsing C:/Users/drago/Documents/GameMakerStudio2/FAST/scripts/string_pad/string_pad.yy
[12-06-2021 22:58:18] Reading C:/Users/drago/Documents/GameMakerStudio2/FAST/scripts/string_pad/string_pad.yy
[12-06-2021 22:58:18] Par: "folders/FAST/Core/Functions/string" at dir: "C:/Users/drago/Documents/GameMakerStudio2/FAST/scripts/string_pad/string_pad.yy"
[12-06-2021 22:58:18] Found Script: string_pad
[12-06-2021 22:58:18] Checking string_pad.gml
[12-06-2021 22:58:18] Current parent directory: C:/Users/drago/Documents/GameMakerStudio2/FAST/scripts/string_to_real
[12-06-2021 22:58:18] Checking string_to_real.yy
[12-06-2021 22:58:18] Parsing C:/Users/drago/Documents/GameMakerStudio2/FAST/scripts/string_to_real/string_to_real.yy
[12-06-2021 22:58:18] Reading C:/Users/drago/Documents/GameMakerStudio2/FAST/scripts/string_to_real/string_to_real.yy
[12-06-2021 22:58:18] Par: "folders/FAST/Core/Functions/string" at dir: "C:/Users/drago/Documents/GameMakerStudio2/FAST/scripts/string_to_real/string_to_real.yy"
[12-06-2021 22:58:18] Found Script: string_to_real
[12-06-2021 22:58:18] Checking string_to_real.gml
[12-06-2021 22:58:18] Current parent directory: C:/Users/drago/Documents/GameMakerStudio2/FAST/scripts/string_trim
[12-06-2021 22:58:18] Checking string_trim.yy
[12-06-2021 22:58:18] Parsing C:/Users/drago/Documents/GameMakerStudio2/FAST/scripts/string_trim/string_trim.yy
[12-06-2021 22:58:18] Reading C:/Users/drago/Documents/GameMakerStudio2/FAST/scripts/string_trim/string_trim.yy
[12-06-2021 22:58:18] Par: "folders/FAST/Core/Functions/string" at dir: "C:/Users/drago/Documents/GameMakerStudio2/FAST/scripts/string_trim/string_trim.yy"
[12-06-2021 22:58:18] Found Script: string_trim
[12-06-2021 22:58:18] Checking string_trim.gml
[12-06-2021 22:58:18] Current parent directory: C:/Users/drago/Documents/GameMakerStudio2/FAST/scripts/struct_type
[12-06-2021 22:58:18] Checking struct_type.yy
[12-06-2021 22:58:18] Parsing C:/Users/drago/Documents/GameMakerStudio2/FAST/scripts/struct_type/struct_type.yy
[12-06-2021 22:58:18] Reading C:/Users/drago/Documents/GameMakerStudio2/FAST/scripts/struct_type/struct_type.yy
[12-06-2021 22:58:18] Par: "folders/FAST/Core/Functions/type" at dir: "C:/Users/drago/Documents/GameMakerStudio2/FAST/scripts/struct_type/struct_type.yy"
[12-06-2021 22:58:18] Found Script: struct_type
[12-06-2021 22:58:18] Checking struct_type.gml
[12-06-2021 22:58:18] Current parent directory: C:/Users/drago/Documents/GameMakerStudio2/FAST/scripts/Surface
[12-06-2021 22:58:18] Checking Surface.yy
[12-06-2021 22:58:18] Parsing C:/Users/drago/Documents/GameMakerStudio2/FAST/scripts/Surface/Surface.yy
[12-06-2021 22:58:18] Reading C:/Users/drago/Documents/GameMakerStudio2/FAST/scripts/Surface/Surface.yy
[12-06-2021 22:58:18] Par: "folders/FAST/Core/Constructors/Drawing" at dir: "C:/Users/drago/Documents/GameMakerStudio2/FAST/scripts/Surface/Surface.yy"
[12-06-2021 22:58:18] Found Script: Surface
[12-06-2021 22:58:18] Checking Surface.gml
[12-06-2021 22:58:18] Current parent directory: C:/Users/drago/Documents/GameMakerStudio2/FAST/scripts/TableRandomizer
[12-06-2021 22:58:18] Checking TableRandomizer.yy
[12-06-2021 22:58:18] Parsing C:/Users/drago/Documents/GameMakerStudio2/FAST/scripts/TableRandomizer/TableRandomizer.yy
[12-06-2021 22:58:18] Reading C:/Users/drago/Documents/GameMakerStudio2/FAST/scripts/TableRandomizer/TableRandomizer.yy
[12-06-2021 22:58:18] Par: "folders/FAST/Numbers/Random" at dir: "C:/Users/drago/Documents/GameMakerStudio2/FAST/scripts/TableRandomizer/TableRandomizer.yy"
[12-06-2021 22:58:18] Found Script: TableRandomizer
[12-06-2021 22:58:18] Checking TableRandomizer.gml
[12-06-2021 22:58:18] Current parent directory: C:/Users/drago/Documents/GameMakerStudio2/FAST/scripts/TextFile
[12-06-2021 22:58:18] Checking TextFile.yy
[12-06-2021 22:58:18] Parsing C:/Users/drago/Documents/GameMakerStudio2/FAST/scripts/TextFile/TextFile.yy
[12-06-2021 22:58:18] Reading C:/Users/drago/Documents/GameMakerStudio2/FAST/scripts/TextFile/TextFile.yy
[12-06-2021 22:58:18] Par: "folders/FAST/Core/Constructors/Files" at dir: "C:/Users/drago/Documents/GameMakerStudio2/FAST/scripts/TextFile/TextFile.yy"
[12-06-2021 22:58:18] Found Script: TextFile
[12-06-2021 22:58:18] Checking TextFile.gml
[12-06-2021 22:58:18] Current parent directory: C:/Users/drago/Documents/GameMakerStudio2/FAST/scripts/Timer
[12-06-2021 22:58:18] Checking Timer.yy
[12-06-2021 22:58:18] Parsing C:/Users/drago/Documents/GameMakerStudio2/FAST/scripts/Timer/Timer.yy
[12-06-2021 22:58:18] Reading C:/Users/drago/Documents/GameMakerStudio2/FAST/scripts/Timer/Timer.yy
[12-06-2021 22:58:18] Par: "folders/FAST/Core/Constructors/Timing" at dir: "C:/Users/drago/Documents/GameMakerStudio2/FAST/scripts/Timer/Timer.yy"
[12-06-2021 22:58:18] Found Script: Timer
[12-06-2021 22:58:18] Checking Timer.gml
[12-06-2021 22:58:18] Current parent directory: C:/Users/drago/Documents/GameMakerStudio2/FAST/scripts/Vec2
[12-06-2021 22:58:18] Checking Vec2.yy
[12-06-2021 22:58:18] Parsing C:/Users/drago/Documents/GameMakerStudio2/FAST/scripts/Vec2/Vec2.yy
[12-06-2021 22:58:18] Reading C:/Users/drago/Documents/GameMakerStudio2/FAST/scripts/Vec2/Vec2.yy
[12-06-2021 22:58:18] Par: "folders/FAST/Numbers" at dir: "C:/Users/drago/Documents/GameMakerStudio2/FAST/scripts/Vec2/Vec2.yy"
[12-06-2021 22:58:18] Found Script: Vec2
[12-06-2021 22:58:18] Checking Vec2.gml
[12-06-2021 22:58:18] Current parent directory: C:/Users/drago/Documents/GameMakerStudio2/FAST/scripts/Well512Randomizer
[12-06-2021 22:58:18] Checking Well512Randomizer.yy
[12-06-2021 22:58:18] Parsing C:/Users/drago/Documents/GameMakerStudio2/FAST/scripts/Well512Randomizer/Well512Randomizer.yy
[12-06-2021 22:58:18] Reading C:/Users/drago/Documents/GameMakerStudio2/FAST/scripts/Well512Randomizer/Well512Randomizer.yy
[12-06-2021 22:58:18] Par: "folders/FAST/Numbers/Random" at dir: "C:/Users/drago/Documents/GameMakerStudio2/FAST/scripts/Well512Randomizer/Well512Randomizer.yy"
[12-06-2021 22:58:18] Found Script: Well512Randomizer
[12-06-2021 22:58:18] Checking Well512Randomizer.gml
[12-06-2021 22:58:18] Current parent directory: C:/Users/drago/Documents/GameMakerStudio2/FAST/scripts/XorRandomizer
[12-06-2021 22:58:18] Checking XorRandomizer.yy
[12-06-2021 22:58:18] Parsing C:/Users/drago/Documents/GameMakerStudio2/FAST/scripts/XorRandomizer/XorRandomizer.yy
[12-06-2021 22:58:18] Reading C:/Users/drago/Documents/GameMakerStudio2/FAST/scripts/XorRandomizer/XorRandomizer.yy
[12-06-2021 22:58:18] Par: "folders/FAST/Numbers/Random" at dir: "C:/Users/drago/Documents/GameMakerStudio2/FAST/scripts/XorRandomizer/XorRandomizer.yy"
[12-06-2021 22:58:18] Found Script: XorRandomizer
[12-06-2021 22:58:18] Checking XorRandomizer.gml
[12-06-2021 22:58:18] Current parent directory: C:/Users/drago/Documents/GameMakerStudio2/FAST/scripts/__Error__
[12-06-2021 22:58:18] Checking __Error__.yy
[12-06-2021 22:58:18] Parsing C:/Users/drago/Documents/GameMakerStudio2/FAST/scripts/__Error__/__Error__.yy
[12-06-2021 22:58:18] Reading C:/Users/drago/Documents/GameMakerStudio2/FAST/scripts/__Error__/__Error__.yy
[12-06-2021 22:58:18] Par: "folders/FAST/Core/Abstract" at dir: "C:/Users/drago/Documents/GameMakerStudio2/FAST/scripts/__Error__/__Error__.yy"
[12-06-2021 22:58:18] Found Script: __Error__
[12-06-2021 22:58:18] Checking __Error__.gml
[12-06-2021 22:58:18] Current parent directory: C:/Users/drago/Documents/GameMakerStudio2/FAST/scripts/__FAST_config__
[12-06-2021 22:58:18] Checking __FAST_config__.yy
[12-06-2021 22:58:18] Parsing C:/Users/drago/Documents/GameMakerStudio2/FAST/scripts/__FAST_config__/__FAST_config__.yy
[12-06-2021 22:58:18] Reading C:/Users/drago/Documents/GameMakerStudio2/FAST/scripts/__FAST_config__/__FAST_config__.yy
[12-06-2021 22:58:18] Par: "folders/FAST/Core/System" at dir: "C:/Users/drago/Documents/GameMakerStudio2/FAST/scripts/__FAST_config__/__FAST_config__.yy"
[12-06-2021 22:58:18] Found Script: __FAST_config__
[12-06-2021 22:58:18] Checking __FAST_config__.gml
[12-06-2021 22:58:18] Current parent directory: C:/Users/drago/Documents/GameMakerStudio2/FAST/scripts/__FAST_input_config
[12-06-2021 22:58:18] Checking __FAST_input_config.yy
[12-06-2021 22:58:18] Parsing C:/Users/drago/Documents/GameMakerStudio2/FAST/scripts/__FAST_input_config/__FAST_input_config.yy
[12-06-2021 22:58:18] Reading C:/Users/drago/Documents/GameMakerStudio2/FAST/scripts/__FAST_input_config/__FAST_input_config.yy
[12-06-2021 22:58:18] Par: "folders/FAST/IO" at dir: "C:/Users/drago/Documents/GameMakerStudio2/FAST/scripts/__FAST_input_config/__FAST_input_config.yy"
[12-06-2021 22:58:18] Found Script: __FAST_input_config
[12-06-2021 22:58:18] Checking __FAST_input_config.gml
[12-06-2021 22:58:18] Current parent directory: C:/Users/drago/Documents/GameMakerStudio2/FAST/scripts/__FAST_logging_init
[12-06-2021 22:58:18] Checking __FAST_logging_init.yy
[12-06-2021 22:58:18] Parsing C:/Users/drago/Documents/GameMakerStudio2/FAST/scripts/__FAST_logging_init/__FAST_logging_init.yy
[12-06-2021 22:58:18] Reading C:/Users/drago/Documents/GameMakerStudio2/FAST/scripts/__FAST_logging_init/__FAST_logging_init.yy
[12-06-2021 22:58:18] Par: "folders/FAST/Logging" at dir: "C:/Users/drago/Documents/GameMakerStudio2/FAST/scripts/__FAST_logging_init/__FAST_logging_init.yy"
[12-06-2021 22:58:18] Found Script: __FAST_logging_init
[12-06-2021 22:58:18] Checking __FAST_logging_init.gml
[12-06-2021 22:58:18] Current parent directory: C:/Users/drago/Documents/GameMakerStudio2/FAST/scripts/__File__
[12-06-2021 22:58:18] Checking __File__.yy
[12-06-2021 22:58:18] Parsing C:/Users/drago/Documents/GameMakerStudio2/FAST/scripts/__File__/__File__.yy
[12-06-2021 22:58:18] Reading C:/Users/drago/Documents/GameMakerStudio2/FAST/scripts/__File__/__File__.yy
[12-06-2021 22:58:18] Par: "folders/FAST/Core/Abstract" at dir: "C:/Users/drago/Documents/GameMakerStudio2/FAST/scripts/__File__/__File__.yy"
[12-06-2021 22:58:18] Found Script: __File__
[12-06-2021 22:58:18] Checking __File__.gml
[12-06-2021 22:58:18] Current parent directory: C:/Users/drago/Documents/GameMakerStudio2/FAST/scripts/__GMA_BREAKPOINT__
[12-06-2021 22:58:18] Checking __GMA_BREAKPOINT__.yy
[12-06-2021 22:58:18] Parsing C:/Users/drago/Documents/GameMakerStudio2/FAST/scripts/__GMA_BREAKPOINT__/__GMA_BREAKPOINT__.yy
[12-06-2021 22:58:18] Reading C:/Users/drago/Documents/GameMakerStudio2/FAST/scripts/__GMA_BREAKPOINT__/__GMA_BREAKPOINT__.yy
[12-06-2021 22:58:18] Par: "folders/Automated Testing Suite/GMAssert" at dir: "C:/Users/drago/Documents/GameMakerStudio2/FAST/scripts/__GMA_BREAKPOINT__/__GMA_BREAKPOINT__.yy"
[12-06-2021 22:58:18] Found Script: __GMA_BREAKPOINT__
[12-06-2021 22:58:18] Checking __GMA_BREAKPOINT__.gml
[12-06-2021 22:58:18] Current parent directory: C:/Users/drago/Documents/GameMakerStudio2/FAST/scripts/__GMA_SETTINGS__
[12-06-2021 22:58:18] Checking __GMA_SETTINGS__.yy
[12-06-2021 22:58:18] Parsing C:/Users/drago/Documents/GameMakerStudio2/FAST/scripts/__GMA_SETTINGS__/__GMA_SETTINGS__.yy
[12-06-2021 22:58:18] Reading C:/Users/drago/Documents/GameMakerStudio2/FAST/scripts/__GMA_SETTINGS__/__GMA_SETTINGS__.yy
[12-06-2021 22:58:18] Par: "folders/Automated Testing Suite/GMAssert" at dir: "C:/Users/drago/Documents/GameMakerStudio2/FAST/scripts/__GMA_SETTINGS__/__GMA_SETTINGS__.yy"
[12-06-2021 22:58:18] Found Script: __GMA_SETTINGS__
[12-06-2021 22:58:18] Checking __GMA_SETTINGS__.gml
[12-06-2021 22:58:18] Current parent directory: C:/Users/drago/Documents/GameMakerStudio2/FAST/scripts/__InputStream__
[12-06-2021 22:58:18] Checking __InputStream__.yy
[12-06-2021 22:58:18] Parsing C:/Users/drago/Documents/GameMakerStudio2/FAST/scripts/__InputStream__/__InputStream__.yy
[12-06-2021 22:58:18] Reading C:/Users/drago/Documents/GameMakerStudio2/FAST/scripts/__InputStream__/__InputStream__.yy
[12-06-2021 22:58:18] Par: "folders/FAST/Core/Abstract" at dir: "C:/Users/drago/Documents/GameMakerStudio2/FAST/scripts/__InputStream__/__InputStream__.yy"
[12-06-2021 22:58:18] Found Script: __InputStream__
[12-06-2021 22:58:18] Checking __InputStream__.gml
[12-06-2021 22:58:18] Current parent directory: C:/Users/drago/Documents/GameMakerStudio2/FAST/scripts/__IterableList__
[12-06-2021 22:58:18] Checking __IterableList__.yy
[12-06-2021 22:58:18] Parsing C:/Users/drago/Documents/GameMakerStudio2/FAST/scripts/__IterableList__/__IterableList__.yy
[12-06-2021 22:58:18] Reading C:/Users/drago/Documents/GameMakerStudio2/FAST/scripts/__IterableList__/__IterableList__.yy
[12-06-2021 22:58:18] Par: "folders/FAST/Core/Abstract" at dir: "C:/Users/drago/Documents/GameMakerStudio2/FAST/scripts/__IterableList__/__IterableList__.yy"
[12-06-2021 22:58:18] Found Script: __IterableList__
[12-06-2021 22:58:18] Checking __IterableList__.gml
[12-06-2021 22:58:18] Current parent directory: C:/Users/drago/Documents/GameMakerStudio2/FAST/scripts/__OutputStream__
[12-06-2021 22:58:18] Checking __OutputStream__.yy
[12-06-2021 22:58:18] Parsing C:/Users/drago/Documents/GameMakerStudio2/FAST/scripts/__OutputStream__/__OutputStream__.yy
[12-06-2021 22:58:18] Reading C:/Users/drago/Documents/GameMakerStudio2/FAST/scripts/__OutputStream__/__OutputStream__.yy
[12-06-2021 22:58:18] Par: "folders/FAST/Core/Abstract" at dir: "C:/Users/drago/Documents/GameMakerStudio2/FAST/scripts/__OutputStream__/__OutputStream__.yy"
[12-06-2021 22:58:18] Found Script: __OutputStream__
[12-06-2021 22:58:18] Checking __OutputStream__.gml
[12-06-2021 22:58:18] Checking __InputStream__.yy
[12-06-2021 22:58:18] Trash file: __InputStream__.yy, will be moved to ___yyp_maker_trash
[12-06-2021 22:58:18] Current parent directory: C:/Users/drago/Documents/GameMakerStudio2/FAST/scripts/__Struct__
[12-06-2021 22:58:18] Checking __Struct__.yy
[12-06-2021 22:58:18] Parsing C:/Users/drago/Documents/GameMakerStudio2/FAST/scripts/__Struct__/__Struct__.yy
[12-06-2021 22:58:18] Reading C:/Users/drago/Documents/GameMakerStudio2/FAST/scripts/__Struct__/__Struct__.yy
[12-06-2021 22:58:18] Par: "folders/FAST/Core/Abstract" at dir: "C:/Users/drago/Documents/GameMakerStudio2/FAST/scripts/__Struct__/__Struct__.yy"
[12-06-2021 22:58:18] Found Script: __Struct__
[12-06-2021 22:58:18] Checking __Struct__.gml
[12-06-2021 22:58:18] Current parent directory: C:/Users/drago/Documents/GameMakerStudio2/FAST/sequences
[12-06-2021 22:58:18] Current parent directory: C:/Users/drago/Documents/GameMakerStudio2/FAST/shaders
[12-06-2021 22:58:18] Current parent directory: C:/Users/drago/Documents/GameMakerStudio2/FAST/sounds
[12-06-2021 22:58:18] Checking Sound1
[12-06-2021 22:58:18] Directory: C:/Users/drago/Documents/GameMakerStudio2/FAST/sounds/Sound1
[12-06-2021 22:58:18] Current parent directory: C:/Users/drago/Documents/GameMakerStudio2/FAST/sounds/Sound1
[12-06-2021 22:58:18] Checking Sound1.yy
[12-06-2021 22:58:18] Parsing C:/Users/drago/Documents/GameMakerStudio2/FAST/sounds/Sound1/Sound1.yy
[12-06-2021 22:58:18] Reading C:/Users/drago/Documents/GameMakerStudio2/FAST/sounds/Sound1/Sound1.yy
[12-06-2021 22:58:18] ROOT found, not added.
[12-06-2021 22:58:18] Par: "folders" at dir: "C:/Users/drago/Documents/GameMakerStudio2/FAST/sounds/Sound1/Sound1.yy"
[12-06-2021 22:58:18] Found Sound: Sound1
[12-06-2021 22:58:18] Current parent directory: C:/Users/drago/Documents/GameMakerStudio2/FAST/sprites
[12-06-2021 22:58:18] Checking gfx_sys_terminal0
[12-06-2021 22:58:18] Directory: C:/Users/drago/Documents/GameMakerStudio2/FAST/sprites/gfx_sys_terminal0
[12-06-2021 22:58:18] Checking gfx_sys_disk0
[12-06-2021 22:58:18] Directory: C:/Users/drago/Documents/GameMakerStudio2/FAST/sprites/gfx_sys_disk0
[12-06-2021 22:58:18] Checking gfx_FAST_watch
[12-06-2021 22:58:18] Directory: C:/Users/drago/Documents/GameMakerStudio2/FAST/sprites/gfx_FAST_watch
[12-06-2021 22:58:18] Checking gfx_fast2
[12-06-2021 22:58:18] Directory: C:/Users/drago/Documents/GameMakerStudio2/FAST/sprites/gfx_fast2
[12-06-2021 22:58:18] Checking gfx_fast
[12-06-2021 22:58:18] Directory: C:/Users/drago/Documents/GameMakerStudio2/FAST/sprites/gfx_fast
[12-06-2021 22:58:18] Checking gfx_box
[12-06-2021 22:58:18] Directory: C:/Users/drago/Documents/GameMakerStudio2/FAST/sprites/gfx_box
[12-06-2021 22:58:18] Checking gfx_ATS_box
[12-06-2021 22:58:18] Directory: C:/Users/drago/Documents/GameMakerStudio2/FAST/sprites/gfx_ATS_box
[12-06-2021 22:58:18] Current parent directory: C:/Users/drago/Documents/GameMakerStudio2/FAST/sprites/gfx_ATS_box
[12-06-2021 22:58:18] Checking layers
[12-06-2021 22:58:18] Directory: C:/Users/drago/Documents/GameMakerStudio2/FAST/sprites/gfx_ATS_box/layers
[12-06-2021 22:58:18] Checking gfx_ATS_box.yy
[12-06-2021 22:58:18] Parsing C:/Users/drago/Documents/GameMakerStudio2/FAST/sprites/gfx_ATS_box/gfx_ATS_box.yy
[12-06-2021 22:58:18] Reading C:/Users/drago/Documents/GameMakerStudio2/FAST/sprites/gfx_ATS_box/gfx_ATS_box.yy
[12-06-2021 22:58:18] Par: "folders/Automated Testing Suite/Assets" at dir: "C:/Users/drago/Documents/GameMakerStudio2/FAST/sprites/gfx_ATS_box/gfx_ATS_box.yy"
[12-06-2021 22:58:18] Found Sprite: gfx_ATS_box
[12-06-2021 22:58:18] Checking 6256e44a-88b9-45c1-8df4-4cf6f1664fb6.png
[12-06-2021 22:58:18] Current parent directory: C:/Users/drago/Documents/GameMakerStudio2/FAST/sprites/gfx_ATS_box/layers
[12-06-2021 22:58:18] Checking 6256e44a-88b9-45c1-8df4-4cf6f1664fb6
[12-06-2021 22:58:18] Directory: C:/Users/drago/Documents/GameMakerStudio2/FAST/sprites/gfx_ATS_box/layers/6256e44a-88b9-45c1-8df4-4cf6f1664fb6
[12-06-2021 22:58:18] Current parent directory: C:/Users/drago/Documents/GameMakerStudio2/FAST/sprites/gfx_ATS_box/layers/6256e44a-88b9-45c1-8df4-4cf6f1664fb6
[12-06-2021 22:58:18] Checking a996a698-e61a-4e69-9a27-6e6a4e895a19.png
[12-06-2021 22:58:18] Current parent directory: C:/Users/drago/Documents/GameMakerStudio2/FAST/sprites/gfx_box
[12-06-2021 22:58:18] Checking layers
[12-06-2021 22:58:18] Directory: C:/Users/drago/Documents/GameMakerStudio2/FAST/sprites/gfx_box/layers
[12-06-2021 22:58:18] Checking gfx_box.yy
[12-06-2021 22:58:18] Parsing C:/Users/drago/Documents/GameMakerStudio2/FAST/sprites/gfx_box/gfx_box.yy
[12-06-2021 22:58:18] Reading C:/Users/drago/Documents/GameMakerStudio2/FAST/sprites/gfx_box/gfx_box.yy
[12-06-2021 22:58:18] Par: "folders/Automated Testing Suite/Assets" at dir: "C:/Users/drago/Documents/GameMakerStudio2/FAST/sprites/gfx_box/gfx_box.yy"
[12-06-2021 22:58:18] Found Sprite: gfx_box
[12-06-2021 22:58:18] Checking fa0037b9-4c85-4375-ac04-0061b1fc797a.png
[12-06-2021 22:58:18] Checking bd60de03-9999-4d89-ad9c-6d93442a7340.png
[12-06-2021 22:58:18] Current parent directory: C:/Users/drago/Documents/GameMakerStudio2/FAST/sprites/gfx_box/layers
[12-06-2021 22:58:18] Checking fa0037b9-4c85-4375-ac04-0061b1fc797a
[12-06-2021 22:58:18] Directory: C:/Users/drago/Documents/GameMakerStudio2/FAST/sprites/gfx_box/layers/fa0037b9-4c85-4375-ac04-0061b1fc797a
[12-06-2021 22:58:18] Checking bd60de03-9999-4d89-ad9c-6d93442a7340
[12-06-2021 22:58:18] Directory: C:/Users/drago/Documents/GameMakerStudio2/FAST/sprites/gfx_box/layers/bd60de03-9999-4d89-ad9c-6d93442a7340
[12-06-2021 22:58:18] Current parent directory: C:/Users/drago/Documents/GameMakerStudio2/FAST/sprites/gfx_box/layers/bd60de03-9999-4d89-ad9c-6d93442a7340
[12-06-2021 22:58:18] Checking e6fc32ce-5409-48c1-9e14-d9a61fba3c1a.png
[12-06-2021 22:58:18] Current parent directory: C:/Users/drago/Documents/GameMakerStudio2/FAST/sprites/gfx_box/layers/fa0037b9-4c85-4375-ac04-0061b1fc797a
[12-06-2021 22:58:18] Checking e6fc32ce-5409-48c1-9e14-d9a61fba3c1a.png
[12-06-2021 22:58:18] Current parent directory: C:/Users/drago/Documents/GameMakerStudio2/FAST/sprites/gfx_fast
[12-06-2021 22:58:18] Checking layers
[12-06-2021 22:58:18] Directory: C:/Users/drago/Documents/GameMakerStudio2/FAST/sprites/gfx_fast/layers
[12-06-2021 22:58:18] Checking gfx_fast.yy
[12-06-2021 22:58:18] Parsing C:/Users/drago/Documents/GameMakerStudio2/FAST/sprites/gfx_fast/gfx_fast.yy
[12-06-2021 22:58:18] Reading C:/Users/drago/Documents/GameMakerStudio2/FAST/sprites/gfx_fast/gfx_fast.yy
[12-06-2021 22:58:18] Par: "folders/Automated Testing Suite/Assets" at dir: "C:/Users/drago/Documents/GameMakerStudio2/FAST/sprites/gfx_fast/gfx_fast.yy"
[12-06-2021 22:58:18] Found Sprite: gfx_fast
[12-06-2021 22:58:18] Checking 1b2c211d-85ac-4a73-8be7-ac36c35c9d65.png
[12-06-2021 22:58:18] Current parent directory: C:/Users/drago/Documents/GameMakerStudio2/FAST/sprites/gfx_fast/layers
[12-06-2021 22:58:18] Checking 1b2c211d-85ac-4a73-8be7-ac36c35c9d65
[12-06-2021 22:58:18] Directory: C:/Users/drago/Documents/GameMakerStudio2/FAST/sprites/gfx_fast/layers/1b2c211d-85ac-4a73-8be7-ac36c35c9d65
[12-06-2021 22:58:18] Current parent directory: C:/Users/drago/Documents/GameMakerStudio2/FAST/sprites/gfx_fast/layers/1b2c211d-85ac-4a73-8be7-ac36c35c9d65
[12-06-2021 22:58:18] Checking 7eccc81d-9f09-4bf8-9b17-61f837ea3612.png
[12-06-2021 22:58:18] Current parent directory: C:/Users/drago/Documents/GameMakerStudio2/FAST/sprites/gfx_fast2
[12-06-2021 22:58:18] Checking layers
[12-06-2021 22:58:18] Directory: C:/Users/drago/Documents/GameMakerStudio2/FAST/sprites/gfx_fast2/layers
[12-06-2021 22:58:18] Checking gfx_fast2.yy
[12-06-2021 22:58:18] Parsing C:/Users/drago/Documents/GameMakerStudio2/FAST/sprites/gfx_fast2/gfx_fast2.yy
[12-06-2021 22:58:18] Reading C:/Users/drago/Documents/GameMakerStudio2/FAST/sprites/gfx_fast2/gfx_fast2.yy
[12-06-2021 22:58:18] Par: "folders/Automated Testing Suite/Assets" at dir: "C:/Users/drago/Documents/GameMakerStudio2/FAST/sprites/gfx_fast2/gfx_fast2.yy"
[12-06-2021 22:58:18] Found Sprite: gfx_fast2
[12-06-2021 22:58:18] Checking 1b2c211d-85ac-4a73-8be7-ac36c35c9d65.png
[12-06-2021 22:58:18] Current parent directory: C:/Users/drago/Documents/GameMakerStudio2/FAST/sprites/gfx_fast2/layers
[12-06-2021 22:58:18] Checking 1b2c211d-85ac-4a73-8be7-ac36c35c9d65
[12-06-2021 22:58:18] Directory: C:/Users/drago/Documents/GameMakerStudio2/FAST/sprites/gfx_fast2/layers/1b2c211d-85ac-4a73-8be7-ac36c35c9d65
[12-06-2021 22:58:18] Current parent directory: C:/Users/drago/Documents/GameMakerStudio2/FAST/sprites/gfx_fast2/layers/1b2c211d-85ac-4a73-8be7-ac36c35c9d65
[12-06-2021 22:58:18] Checking 7eccc81d-9f09-4bf8-9b17-61f837ea3612.png
[12-06-2021 22:58:18] Current parent directory: C:/Users/drago/Documents/GameMakerStudio2/FAST/sprites/gfx_FAST_watch
[12-06-2021 22:58:18] Checking layers
[12-06-2021 22:58:18] Directory: C:/Users/drago/Documents/GameMakerStudio2/FAST/sprites/gfx_FAST_watch/layers
[12-06-2021 22:58:18] Checking gfx_FAST_watch.yy
[12-06-2021 22:58:18] Parsing C:/Users/drago/Documents/GameMakerStudio2/FAST/sprites/gfx_FAST_watch/gfx_FAST_watch.yy
[12-06-2021 22:58:18] Reading C:/Users/drago/Documents/GameMakerStudio2/FAST/sprites/gfx_FAST_watch/gfx_FAST_watch.yy
[12-06-2021 22:58:18] Par: "folders/Automated Testing Suite/Assets" at dir: "C:/Users/drago/Documents/GameMakerStudio2/FAST/sprites/gfx_FAST_watch/gfx_FAST_watch.yy"
[12-06-2021 22:58:18] Found Sprite: gfx_FAST_watch
[12-06-2021 22:58:18] Checking 4a4a58c6-dcea-4cad-8f45-4c504797f386.png
[12-06-2021 22:58:18] Current parent directory: C:/Users/drago/Documents/GameMakerStudio2/FAST/sprites/gfx_FAST_watch/layers
[12-06-2021 22:58:18] Checking 4a4a58c6-dcea-4cad-8f45-4c504797f386
[12-06-2021 22:58:18] Directory: C:/Users/drago/Documents/GameMakerStudio2/FAST/sprites/gfx_FAST_watch/layers/4a4a58c6-dcea-4cad-8f45-4c504797f386
[12-06-2021 22:58:18] Current parent directory: C:/Users/drago/Documents/GameMakerStudio2/FAST/sprites/gfx_FAST_watch/layers/4a4a58c6-dcea-4cad-8f45-4c504797f386
[12-06-2021 22:58:18] Checking 72b56e0b-3c28-48fe-a110-0b230fe26f74.png
[12-06-2021 22:58:18] Current parent directory: C:/Users/drago/Documents/GameMakerStudio2/FAST/sprites/gfx_sys_disk0
[12-06-2021 22:58:18] Checking layers
[12-06-2021 22:58:18] Directory: C:/Users/drago/Documents/GameMakerStudio2/FAST/sprites/gfx_sys_disk0/layers
[12-06-2021 22:58:18] Checking gfx_sys_disk0.yy
[12-06-2021 22:58:18] Parsing C:/Users/drago/Documents/GameMakerStudio2/FAST/sprites/gfx_sys_disk0/gfx_sys_disk0.yy
[12-06-2021 22:58:18] Reading C:/Users/drago/Documents/GameMakerStudio2/FAST/sprites/gfx_sys_disk0/gfx_sys_disk0.yy
[12-06-2021 22:58:18] Par: "folders/FAST/Core/System/Sprites" at dir: "C:/Users/drago/Documents/GameMakerStudio2/FAST/sprites/gfx_sys_disk0/gfx_sys_disk0.yy"
[12-06-2021 22:58:18] Found Sprite: gfx_sys_disk0
[12-06-2021 22:58:18] Checking 2f520ccd-8261-4860-9598-3ead5ad7139d.png
[12-06-2021 22:58:18] Current parent directory: C:/Users/drago/Documents/GameMakerStudio2/FAST/sprites/gfx_sys_disk0/layers
[12-06-2021 22:58:18] Checking 2f520ccd-8261-4860-9598-3ead5ad7139d
[12-06-2021 22:58:18] Directory: C:/Users/drago/Documents/GameMakerStudio2/FAST/sprites/gfx_sys_disk0/layers/2f520ccd-8261-4860-9598-3ead5ad7139d
[12-06-2021 22:58:18] Current parent directory: C:/Users/drago/Documents/GameMakerStudio2/FAST/sprites/gfx_sys_disk0/layers/2f520ccd-8261-4860-9598-3ead5ad7139d
[12-06-2021 22:58:18] Checking 701ca58a-383c-446a-a879-af66dbb6e98b.png
[12-06-2021 22:58:18] Current parent directory: C:/Users/drago/Documents/GameMakerStudio2/FAST/sprites/gfx_sys_terminal0
[12-06-2021 22:58:18] Checking layers
[12-06-2021 22:58:18] Directory: C:/Users/drago/Documents/GameMakerStudio2/FAST/sprites/gfx_sys_terminal0/layers
[12-06-2021 22:58:18] Checking gfx_sys_terminal0.yy
[12-06-2021 22:58:18] Parsing C:/Users/drago/Documents/GameMakerStudio2/FAST/sprites/gfx_sys_terminal0/gfx_sys_terminal0.yy
[12-06-2021 22:58:18] Reading C:/Users/drago/Documents/GameMakerStudio2/FAST/sprites/gfx_sys_terminal0/gfx_sys_terminal0.yy
[12-06-2021 22:58:18] Par: "folders/FAST/Core/System/Sprites" at dir: "C:/Users/drago/Documents/GameMakerStudio2/FAST/sprites/gfx_sys_terminal0/gfx_sys_terminal0.yy"
[12-06-2021 22:58:18] Found Sprite: gfx_sys_terminal0
[12-06-2021 22:58:18] Checking da4324ac-b595-4b99-9d35-74aef1bdcc51.png
[12-06-2021 22:58:18] Current parent directory: C:/Users/drago/Documents/GameMakerStudio2/FAST/sprites/gfx_sys_terminal0/layers
[12-06-2021 22:58:18] Checking da4324ac-b595-4b99-9d35-74aef1bdcc51
[12-06-2021 22:58:18] Directory: C:/Users/drago/Documents/GameMakerStudio2/FAST/sprites/gfx_sys_terminal0/layers/da4324ac-b595-4b99-9d35-74aef1bdcc51
[12-06-2021 22:58:18] Current parent directory: C:/Users/drago/Documents/GameMakerStudio2/FAST/sprites/gfx_sys_terminal0/layers/da4324ac-b595-4b99-9d35-74aef1bdcc51
[12-06-2021 22:58:18] Checking becb23a5-576e-4334-8795-d6e7826f17ed.png
[12-06-2021 22:58:18] Current parent directory: C:/Users/drago/Documents/GameMakerStudio2/FAST/tilesets
[12-06-2021 22:58:18] Current parent directory: C:/Users/drago/Documents/GameMakerStudio2/FAST/timelines
[12-06-2021 22:58:18] Moving files to trash...
[12-06-2021 22:58:18] Files yeeted successfully!
[12-06-2021 22:58:18] Generating YYP...
[12-06-2021 22:58:18] FAST.yyp created successfully!
